2024-03-23 16:40:47,155 [INFO] Activator:176 - 


2024-03-23 16:40:47,156 [INFO] Activator:177 - !SESSION log4j initialized
2024-03-23 16:40:48,614 [INFO] LogOutputStream:77 - [STDOUT_REDIRECT] 
2024-03-23 16:40:49,455 [INFO] ApplicationProperties:184 - Using Application install path: /opt/st/stm32cubeide_1.13.1/plugins/com.st.stm32cube.common.mx_6.9.1.202307191849
2024-03-23 16:40:49,464 [INFO] DbMcusXml:78 - Set database path to: /opt/st/stm32cubeide_1.13.1/plugins/com.st.stm32cube.common.mx_6.9.1.202307191849//db//mcu/
2024-03-23 16:40:49,464 [INFO] ApiDb:274 - Set plugin database path to: /opt/st/stm32cubeide_1.13.1/plugins/com.st.stm32cube.common.mx_6.9.1.202307191849//db//plugins/boardmanager/
2024-03-23 16:40:49,464 [WARN] ApiDb:259 - Overriding images path with different value:  => /opt/st/stm32cubeide_1.13.1/plugins/com.st.stm32cube.common.mx_6.9.1.202307191849//db//plugins/mcufinder/images/
2024-03-23 16:40:49,469 [INFO] ApiDb:250 - Set database path to: /home/vakhaib/.stmcufinder/plugins/mcufinder//mcu/
2024-03-23 16:40:49,470 [INFO] DbMcusAds:125 - Set database path to: /home/vakhaib/.stmcufinder/plugins/mcufinder//mcu/
2024-03-23 16:40:49,471 [INFO] CrossReferenceDbSqlite:203 - Set database path to: /home/vakhaib/.stmcufinder/plugins/mcufinder//mcu/cs/
2024-03-23 16:40:49,525 [INFO] RulesReader:64 - Compatibility file has been processed (293 Rules)
2024-03-23 16:40:49,562 [INFO] DbMcusXml:78 - Set database path to: /opt/st/stm32cubeide_1.13.1/plugins/com.st.stm32cube.common.mx_6.9.1.202307191849//db//mcu/
2024-03-23 16:40:49,562 [INFO] ApiDb:274 - Set plugin database path to: /opt/st/stm32cubeide_1.13.1/plugins/com.st.stm32cube.common.mx_6.9.1.202307191849//db//plugins/boardmanager/
2024-03-23 16:40:49,562 [INFO] ApiDb:261 - Set plugin images path to: /opt/st/stm32cubeide_1.13.1/plugins/com.st.stm32cube.common.mx_6.9.1.202307191849//db//plugins/mcufinder/images/
2024-03-23 16:40:49,562 [WARN] DbFile:41 - Overriding database path with different value: /home/vakhaib/.stmcufinder/plugins/mcufinder/ => /home/vakhaib/.stmcufinder/plugins/mcufinder
2024-03-23 16:40:49,562 [INFO] ApiDb:250 - Set database path to: /home/vakhaib/.stmcufinder/plugins/mcufinder//mcu/
2024-03-23 16:40:49,562 [WARN] DbFile:41 - Overriding database path with different value: /home/vakhaib/.stmcufinder/plugins/mcufinder/ => /home/vakhaib/.stmcufinder/plugins/mcufinder
2024-03-23 16:40:49,562 [INFO] DbMcusAds:125 - Set database path to: /home/vakhaib/.stmcufinder/plugins/mcufinder//mcu/
2024-03-23 16:40:49,562 [WARN] DbFile:41 - Overriding database path with different value: /home/vakhaib/.stmcufinder/plugins/mcufinder/ => /home/vakhaib/.stmcufinder/plugins/mcufinder
2024-03-23 16:40:49,563 [WARN] DbFile:41 - Overriding database path with different value: /home/vakhaib/.stmcufinder/plugins/mcufinder/ => /home/vakhaib/.stmcufinder/plugins/mcufinder
2024-03-23 16:40:49,563 [INFO] CrossReferenceDbSqlite:203 - Set database path to: /home/vakhaib/.stmcufinder/plugins/mcufinder//mcu/cs/
2024-03-23 16:40:49,597 [INFO] MainPanel:262 - HeapMemory: 268435456
2024-03-23 16:40:49,638 [INFO] DbMcusXml:78 - Set database path to: /opt/st/stm32cubeide_1.13.1/plugins/com.st.stm32cube.common.mx_6.9.1.202307191849//db//mcu/
2024-03-23 16:40:49,638 [INFO] ApiDb:274 - Set plugin database path to: /opt/st/stm32cubeide_1.13.1/plugins/com.st.stm32cube.common.mx_6.9.1.202307191849//db//plugins/boardmanager/
2024-03-23 16:40:49,638 [INFO] ApiDb:261 - Set plugin images path to: /opt/st/stm32cubeide_1.13.1/plugins/com.st.stm32cube.common.mx_6.9.1.202307191849//db//plugins/mcufinder/images/
2024-03-23 16:40:49,638 [WARN] DbFile:41 - Overriding database path with different value: /home/vakhaib/.stmcufinder/plugins/mcufinder/ => /home/vakhaib/.stmcufinder/plugins/mcufinder
2024-03-23 16:40:49,639 [INFO] ApiDb:250 - Set database path to: /home/vakhaib/.stmcufinder/plugins/mcufinder//mcu/
2024-03-23 16:40:49,639 [WARN] DbFile:41 - Overriding database path with different value: /home/vakhaib/.stmcufinder/plugins/mcufinder/ => /home/vakhaib/.stmcufinder/plugins/mcufinder
2024-03-23 16:40:49,639 [INFO] DbMcusAds:125 - Set database path to: /home/vakhaib/.stmcufinder/plugins/mcufinder//mcu/
2024-03-23 16:40:49,639 [WARN] DbFile:41 - Overriding database path with different value: /home/vakhaib/.stmcufinder/plugins/mcufinder/ => /home/vakhaib/.stmcufinder/plugins/mcufinder
2024-03-23 16:40:49,639 [WARN] DbFile:41 - Overriding database path with different value: /home/vakhaib/.stmcufinder/plugins/mcufinder/ => /home/vakhaib/.stmcufinder/plugins/mcufinder
2024-03-23 16:40:49,639 [INFO] CrossReferenceDbSqlite:203 - Set database path to: /home/vakhaib/.stmcufinder/plugins/mcufinder//mcu/cs/
2024-03-23 16:40:49,649 [INFO] ApplicationProperties:184 - Using Application install path: /opt/st/stm32cubeide_1.13.1/plugins/com.st.stm32cube.common.mx_6.9.1.202307191849
2024-03-23 16:40:49,650 [INFO] PluginManage:196 - Search for loadable plugins [exclusion list=, ]
2024-03-23 16:40:49,650 [INFO] PluginManage:310 - Check plugin analytics
2024-03-23 16:40:49,726 [INFO] AnalyticsPlugin:253 - Accepted Software Licenses: 
2024-03-23 16:40:49,726 [INFO] AnalyticsPlugin:255 - Accepted CMSIS Pack Licenses: 
2024-03-23 16:40:49,727 [INFO] AnalyticsPlugin:257 - Accepted Firmware Licenses: FW.G0.1.6.0
2024-03-23 16:40:49,728 [INFO] PluginManage:359 - Loaded plugin analytics (category:tool,tabindex:-1)
2024-03-23 16:40:49,729 [INFO] PluginManage:310 - Check plugin cadmodel
2024-03-23 16:40:49,743 [INFO] CADModel:105 - Init CAD model plugin
2024-03-23 16:40:49,743 [INFO] PluginManage:359 - Loaded plugin cadmodel (category:power,tabindex:5)
2024-03-23 16:40:49,743 [INFO] PluginManage:310 - Check plugin clock
2024-03-23 16:40:49,747 [INFO] PluginManage:359 - Loaded plugin clock (category:base,tabindex:2)
2024-03-23 16:40:49,748 [INFO] PluginManage:310 - Check plugin ddr
2024-03-23 16:40:49,748 [INFO] PluginManage:359 - Loaded plugin ddr (category:tool,tabindex:6)
2024-03-23 16:40:49,748 [INFO] PluginManage:310 - Check plugin filemanager
2024-03-23 16:40:49,811 [INFO] PluginManage:359 - Loaded plugin filemanager (category:base,tabindex:10)
2024-03-23 16:40:49,811 [INFO] PluginManage:310 - Check plugin ipmanager
2024-03-23 16:40:49,814 [INFO] PluginManage:359 - Loaded plugin ipmanager (category:base,tabindex:5)
2024-03-23 16:40:49,814 [INFO] PluginManage:310 - Check plugin lpbam
2024-03-23 16:40:49,818 [INFO] PluginManage:359 - Loaded plugin lpbam (category:base,tabindex:0)
2024-03-23 16:40:49,818 [INFO] PluginManage:310 - Check plugin memorymap
2024-03-23 16:40:49,823 [INFO] PluginManage:359 - Loaded plugin memorymap (category:base,tabindex:4)
2024-03-23 16:40:49,823 [INFO] PluginManage:310 - Check plugin pinoutandconfiguration
2024-03-23 16:40:49,826 [INFO] PluginManage:359 - Loaded plugin pinoutandconfiguration (category:base,tabindex:1)
2024-03-23 16:40:49,826 [INFO] PluginManage:310 - Check plugin pinoutconfig
2024-03-23 16:40:49,864 [WARN] SupportedApi:132 - Cannot load RTOS API schema: s4s-elt-must-match.1: The content of 'definitions' must match (annotation?, (simpleType | complexType)?, (unique | key | keyref)*)). A problem was found starting at: attribute.
2024-03-23 16:40:49,946 [INFO] PluginManage:359 - Loaded plugin pinoutconfig (category:base,tabindex:0)
2024-03-23 16:40:49,946 [INFO] PluginManage:310 - Check plugin power
2024-03-23 16:40:49,950 [INFO] PluginManage:359 - Loaded plugin power (category:power,tabindex:4)
2024-03-23 16:40:49,950 [INFO] PluginManage:310 - Check plugin projectmanager
2024-03-23 16:40:49,957 [INFO] PluginManage:359 - Loaded plugin projectmanager (category:projectmanager,tabindex:3)
2024-03-23 16:40:49,958 [INFO] PluginManage:310 - Check plugin thirdparty
2024-03-23 16:40:50,017 [INFO] PluginManage:359 - Loaded plugin thirdparty (category:base,tabindex:-1)
2024-03-23 16:40:50,017 [WARN] IntegrityCheckThread:84 - waiting for thirdparty lock release [integrity check]
2024-03-23 16:40:50,017 [INFO] PluginManage:310 - Check plugin tools
2024-03-23 16:40:50,017 [INFO] IntegrityCheckThread:86 - entering critical section [integrity check]
2024-03-23 16:40:50,017 [INFO] ThirdPartyUpdaterWithRetryManager:70 - Updater plugin not ready yet. [1/15]
2024-03-23 16:40:50,018 [INFO] PluginManage:359 - Loaded plugin tools (category:base,tabindex:7)
2024-03-23 16:40:50,019 [INFO] PluginManage:310 - Check plugin tutovideos
2024-03-23 16:40:50,106 [INFO] PluginManage:359 - Loaded plugin tutovideos (category:base,tabindex:-1)
2024-03-23 16:40:50,106 [INFO] PluginManage:310 - Check plugin updater
2024-03-23 16:40:50,112 [INFO] PluginManage:359 - Loaded plugin updater (category:base,tabindex:12)
2024-03-23 16:40:50,112 [INFO] PluginManage:310 - Check plugin userauth
2024-03-23 16:40:50,115 [INFO] UserAuth:113 - Init User Auth plugin
2024-03-23 16:40:50,115 [INFO] PluginManage:359 - Loaded plugin userauth (category:base,tabindex:14)
2024-03-23 16:40:50,115 [INFO] PluginManage:283 - PluginManage : Loaded plugins [17]
2024-03-23 16:40:50,207 [INFO] PinOutPanel:1499 - setPackage(No Configuration,No Configuration)
2024-03-23 16:40:50,251 [INFO] CADModel:165 - CPN selected for project level
2024-03-23 16:40:50,252 [INFO] CADModel:114 - Register for checkConnection events
2024-03-23 16:40:50,258 [INFO] IPUIPlugin:80 - create IPUIPlugin
2024-03-23 16:40:50,258 [INFO] PluginManager:220 - loadIPPluginJar : add lorawan
2024-03-23 16:40:50,261 [INFO] IPUIPlugin:80 - create IPUIPlugin
2024-03-23 16:40:50,261 [INFO] PluginManager:220 - loadIPPluginJar : add mdma
2024-03-23 16:40:50,264 [INFO] IPUIPlugin:80 - create IPUIPlugin
2024-03-23 16:40:50,266 [INFO] PluginManager:220 - loadIPPluginJar : add plateformsettings
2024-03-23 16:40:50,269 [INFO] IPUIPlugin:80 - create IPUIPlugin
2024-03-23 16:40:50,269 [INFO] PluginManager:220 - loadIPPluginJar : add adc
2024-03-23 16:40:50,271 [INFO] IPUIPlugin:80 - create IPUIPlugin
2024-03-23 16:40:50,271 [INFO] PluginManager:220 - loadIPPluginJar : add gfxmmu
2024-03-23 16:40:50,273 [INFO] IPUIPlugin:80 - create IPUIPlugin
2024-03-23 16:40:50,273 [INFO] PluginManager:220 - loadIPPluginJar : add stm32_wpan
2024-03-23 16:40:50,276 [INFO] IPUIPlugin:80 - create IPUIPlugin
2024-03-23 16:40:50,276 [INFO] PluginManager:220 - loadIPPluginJar : add gic
2024-03-23 16:40:50,276 [INFO] IPUIPlugin:80 - create IPUIPlugin
2024-03-23 16:40:50,276 [INFO] PluginManager:220 - loadIPPluginJar : add tracer_emb
2024-03-23 16:40:50,277 [INFO] IPUIPlugin:80 - create IPUIPlugin
2024-03-23 16:40:50,277 [INFO] PluginManager:220 - loadIPPluginJar : add spi
2024-03-23 16:40:50,278 [INFO] IPUIPlugin:80 - create IPUIPlugin
2024-03-23 16:40:50,278 [INFO] PluginManager:220 - loadIPPluginJar : add touchsensing
2024-03-23 16:40:50,280 [INFO] IPUIPlugin:80 - create IPUIPlugin
2024-03-23 16:40:50,280 [INFO] PluginManager:220 - loadIPPluginJar : add fmc
2024-03-23 16:40:50,281 [INFO] IPUIPlugin:80 - create IPUIPlugin
2024-03-23 16:40:50,281 [INFO] PluginManager:220 - loadIPPluginJar : add genericplugin
2024-03-23 16:40:50,282 [INFO] IPUIPlugin:80 - create IPUIPlugin
2024-03-23 16:40:50,282 [INFO] PluginManager:220 - loadIPPluginJar : add usart
2024-03-23 16:40:50,285 [INFO] IPUIPlugin:80 - create IPUIPlugin
2024-03-23 16:40:50,285 [INFO] PluginManager:220 - loadIPPluginJar : add dma
2024-03-23 16:40:50,286 [INFO] IPUIPlugin:80 - create IPUIPlugin
2024-03-23 16:40:50,286 [INFO] PluginManager:220 - loadIPPluginJar : add cryp
2024-03-23 16:40:50,286 [INFO] IPUIPlugin:80 - create IPUIPlugin
2024-03-23 16:40:50,286 [INFO] PluginManager:220 - loadIPPluginJar : add comp
2024-03-23 16:40:50,288 [INFO] IPUIPlugin:80 - create IPUIPlugin
2024-03-23 16:40:50,288 [INFO] PluginManager:220 - loadIPPluginJar : add gpio
2024-03-23 16:40:50,289 [INFO] IPUIPlugin:80 - create IPUIPlugin
2024-03-23 16:40:50,289 [INFO] PluginManager:220 - loadIPPluginJar : add opamp
2024-03-23 16:40:50,290 [INFO] IPUIPlugin:80 - create IPUIPlugin
2024-03-23 16:40:50,290 [INFO] PluginManager:220 - loadIPPluginJar : add i2s
2024-03-23 16:40:50,290 [INFO] IPUIPlugin:80 - create IPUIPlugin
2024-03-23 16:40:50,290 [INFO] PluginManager:220 - loadIPPluginJar : add tim
2024-03-23 16:40:50,291 [INFO] IPUIPlugin:80 - create IPUIPlugin
2024-03-23 16:40:50,291 [INFO] PluginManager:220 - loadIPPluginJar : add usbx
2024-03-23 16:40:50,292 [INFO] IPUIPlugin:80 - create IPUIPlugin
2024-03-23 16:40:50,292 [INFO] PluginManager:220 - loadIPPluginJar : add hash
2024-03-23 16:40:50,293 [INFO] IPUIPlugin:80 - create IPUIPlugin
2024-03-23 16:40:50,293 [INFO] PluginManager:220 - loadIPPluginJar : add ltdc
2024-03-23 16:40:50,295 [INFO] IPUIPlugin:80 - create IPUIPlugin
2024-03-23 16:40:50,295 [INFO] PluginManager:220 - loadIPPluginJar : add freertos
2024-03-23 16:40:50,297 [INFO] IPUIPlugin:80 - create IPUIPlugin
2024-03-23 16:40:50,297 [INFO] PluginManager:220 - loadIPPluginJar : add nvic
2024-03-23 16:40:50,298 [INFO] IPUIPlugin:80 - create IPUIPlugin
2024-03-23 16:40:50,298 [INFO] PluginManager:220 - loadIPPluginJar : add pdm2pcm
2024-03-23 16:40:50,299 [INFO] IPUIPlugin:80 - create IPUIPlugin
2024-03-23 16:40:50,299 [INFO] PluginManager:220 - loadIPPluginJar : add dfsdm
2024-03-23 16:40:50,300 [INFO] IPUIPlugin:80 - create IPUIPlugin
2024-03-23 16:40:50,300 [INFO] PluginManager:220 - loadIPPluginJar : add i3c
2024-03-23 16:40:50,301 [INFO] IPUIPlugin:80 - create IPUIPlugin
2024-03-23 16:40:50,301 [INFO] PluginManager:220 - loadIPPluginJar : add openamp
2024-03-23 16:40:50,302 [INFO] IPUIPlugin:80 - create IPUIPlugin
2024-03-23 16:40:50,302 [INFO] PluginManager:220 - loadIPPluginJar : add i2c
2024-03-23 16:40:50,303 [INFO] IPUIPlugin:80 - create IPUIPlugin
2024-03-23 16:40:50,303 [INFO] PluginManager:220 - loadIPPluginJar : add can
2024-03-23 16:40:50,304 [INFO] IPUIPlugin:80 - create IPUIPlugin
2024-03-23 16:40:50,304 [INFO] PluginManager:220 - loadIPPluginJar : add sai
2024-03-23 16:40:50,306 [INFO] IPUIPlugin:80 - create IPUIPlugin
2024-03-23 16:40:50,306 [INFO] PluginManager:220 - loadIPPluginJar : add resmgrutility
2024-03-23 16:40:50,310 [INFO] IPUIPlugin:80 - create IPUIPlugin
2024-03-23 16:40:50,310 [INFO] PluginManager:220 - loadIPPluginJar : add linkedlist
2024-03-23 16:40:50,310 [INFO] IPUIPlugin:80 - create IPUIPlugin
2024-03-23 16:40:50,310 [INFO] PluginManager:220 - loadIPPluginJar : add quadspi
2024-03-23 16:40:50,312 [INFO] IPUIPlugin:80 - create IPUIPlugin
2024-03-23 16:40:50,312 [INFO] PluginManager:220 - loadIPPluginJar : add ipddr
2024-03-23 16:40:50,313 [INFO] IPUIPlugin:80 - create IPUIPlugin
2024-03-23 16:40:50,313 [INFO] PluginManager:220 - loadIPPluginJar : add dma3
2024-03-23 16:40:50,314 [INFO] IPUIPlugin:80 - create IPUIPlugin
2024-03-23 16:40:50,314 [INFO] PluginManager:220 - loadIPPluginJar : add aes
2024-03-23 16:40:50,315 [INFO] IPUIPlugin:80 - create IPUIPlugin
2024-03-23 16:40:50,315 [INFO] PluginManager:220 - loadIPPluginJar : add ts
2024-03-23 16:40:50,316 [INFO] IPUIPlugin:80 - create IPUIPlugin
2024-03-23 16:40:50,316 [INFO] PluginManager:220 - loadIPPluginJar : add ucpd
2024-03-23 16:40:50,316 [INFO] IPUIPlugin:80 - create IPUIPlugin
2024-03-23 16:40:50,317 [INFO] PluginManager:220 - loadIPPluginJar : add fatfs
2024-03-23 16:40:50,317 [INFO] IPUIPlugin:80 - create IPUIPlugin
2024-03-23 16:40:50,317 [INFO] PluginManager:220 - loadIPPluginJar : add tsc
2024-03-23 16:40:50,318 [INFO] IPUIPlugin:80 - create IPUIPlugin
2024-03-23 16:40:50,318 [INFO] PluginManager:220 - loadIPPluginJar : add gtzc
2024-03-23 16:40:50,406 [INFO] CADModel:165 - CPN selected for project level
2024-03-23 16:40:50,406 [INFO] CADModel:114 - Register for checkConnection events
2024-03-23 16:40:50,406 [FATAL] Updater:308 - Updater called before beeing initialized
2024-03-23 16:40:50,407 [ERROR] CADModel:125 - Updater not yet initialized, retry later 
2024-03-23 16:40:50,469 [INFO] CADModel:165 - CPN selected for project level
2024-03-23 16:40:50,469 [INFO] CADModel:114 - Register for checkConnection events
2024-03-23 16:40:50,469 [FATAL] Updater:308 - Updater called before beeing initialized
2024-03-23 16:40:50,469 [ERROR] CADModel:125 - Updater not yet initialized, retry later 
2024-03-23 16:40:50,471 [FATAL] Updater:308 - Updater called before beeing initialized
2024-03-23 16:40:50,514 [FATAL] Updater:308 - Updater called before beeing initialized
2024-03-23 16:40:50,518 [INFO] DbMcusAds:53 - JSON generation date=Wed Nov 29 11:52:27 CET 2023 (1701255147349)
2024-03-23 16:40:50,518 [FATAL] Updater:308 - Updater called before beeing initialized
2024-03-23 16:40:50,537 [WARN] DetailPanel:346 - Failed to get advertising image, set to default
2024-03-23 16:40:50,601 [FATAL] Updater:308 - Updater called before beeing initialized
2024-03-23 16:40:50,602 [FATAL] Updater:308 - Updater called before beeing initialized
2024-03-23 16:40:50,602 [FATAL] Updater:308 - Updater called before beeing initialized
2024-03-23 16:40:50,602 [WARN] DetailPanel:346 - Failed to get advertising image, set to default
2024-03-23 16:40:50,603 [FATAL] Updater:308 - Updater called before beeing initialized
2024-03-23 16:40:50,620 [ERROR] Updater:1120 - MainUpdater not yet initialized. External WinMGr cannot be set.
2024-03-23 16:40:50,621 [INFO] Updater:1056 - Updater Version found : 6.9.1
2024-03-23 16:40:50,631 [INFO] ApplicationProperties:184 - Using Application install path: /opt/st/stm32cubeide_1.13.1/plugins/com.st.stm32cube.common.mx_6.9.1.202307191849
2024-03-23 16:40:50,725 [INFO] MainUpdater:2868 - connection check result : 10
2024-03-23 16:40:50,725 [INFO] MainUpdater:285 - Updater Check For Update Now.
2024-03-23 16:40:50,725 [INFO] MicroXplorer:498 - Change Database Version : DB.6.0.91
2024-03-23 16:40:50,728 [INFO] McuFinderGlobals:63 - Set McuFinder mode to 2 (CubeIDE integrated)
2024-03-23 16:40:50,880 [INFO] CheckServerUpdateThread:120 - End of CheckServer Thread
2024-03-23 16:40:53,083 [WARN] PackLoader:240 - Cannot read IP mode file for STMicroelectronics.X-CUBE-SMBUS.2.1.0
2024-03-23 16:40:53,086 [WARN] PackLoader:240 - Cannot read IP mode file for STMicroelectronics.X-CUBE-TOUCHGFX.4.23.0
2024-03-23 16:40:53,103 [WARN] PackLoader:240 - Cannot read IP mode file for STMicroelectronics.X-CUBE-AZRTOS-F7.1.1.0
2024-03-23 16:40:53,111 [WARN] PackLoader:240 - Cannot read IP mode file for STMicroelectronics.FP-SNS-MOTENV1.4.3.2
2024-03-23 16:40:53,115 [WARN] PackLoader:240 - Cannot read IP mode file for STMicroelectronics.FP-SNS-FLIGHT1.5.0.2
2024-03-23 16:40:53,121 [WARN] PackLoader:240 - Cannot read IP mode file for STMicroelectronics.X-CUBE-DISPLAY.3.0.0
2024-03-23 16:40:53,130 [WARN] PackLoader:240 - Cannot read IP mode file for STMicroelectronics.X-CUBE-BLE1.7.0.0
2024-03-23 16:40:53,134 [WARN] PackLoader:240 - Cannot read IP mode file for emotas.I-CUBE-CANOPEN.1.3.0
2024-03-23 16:40:53,136 [WARN] PackLoader:240 - Cannot read IP mode file for STMicroelectronics.X-CUBE-TOUCHGFX.4.22.0
2024-03-23 16:40:53,137 [WARN] PackLoader:240 - Cannot read IP mode file for STMicroelectronics.X-CUBE-TOUCHGFX.4.22.1
2024-03-23 16:40:53,146 [WARN] PackLoader:240 - Cannot read IP mode file for STMicroelectronics.X-CUBE-BLEMGR.3.1.0
2024-03-23 16:40:53,152 [WARN] PackLoader:240 - Cannot read IP mode file for STMicroelectronics.FP-SNS-SMARTAG2.1.2.0
2024-03-23 16:40:53,158 [INFO] LogOutputStream:77 - [STDOUT_REDIRECT] 1 : Invalid condition id : UX_CORESTACK_Condition cause : null
2024-03-23 16:40:53,158 [INFO] LogOutputStream:77 - [STDOUT_REDIRECT] 1 : Invalid condition id : UX_CORESTACK_Condition cause : null
2024-03-23 16:40:53,159 [INFO] LogOutputStream:77 - [STDOUT_REDIRECT] 1 : Invalid condition id : UX_CORESTACK_Condition cause : null
2024-03-23 16:40:53,159 [INFO] LogOutputStream:77 - [STDOUT_REDIRECT] 1 : Invalid condition id : UX_CORESTACK_Condition cause : null
2024-03-23 16:40:53,159 [INFO] LogOutputStream:77 - [STDOUT_REDIRECT] 1 : Invalid condition id : UX_CORESTACK_Condition cause : null
2024-03-23 16:40:53,162 [WARN] PackLoader:240 - Cannot read IP mode file for STMicroelectronics.X-CUBE-AZRTOS-WL.2.0.0
2024-03-23 16:40:53,167 [WARN] PackLoader:240 - Cannot read IP mode file for WES.I-CUBE-Cesium.1.3.0
2024-03-23 16:40:53,169 [WARN] PackLoader:240 - Cannot read IP mode file for STMicroelectronics.X-CUBE-BLE2.3.3.0
2024-03-23 16:40:53,172 [WARN] PackLoader:240 - Cannot read IP mode file for STMicroelectronics.X-CUBE-ALGOBUILD.1.3.0
2024-03-23 16:40:53,184 [WARN] PackLoader:240 - Cannot read IP mode file for STMicroelectronics.X-CUBE-AZRTOS-G0.1.1.0
2024-03-23 16:40:53,190 [WARN] PackLoader:240 - Cannot read IP mode file for STMicroelectronics.X-CUBE-NFC4.3.0.0
2024-03-23 16:40:53,195 [WARN] PackLoader:240 - Cannot read IP mode file for STMicroelectronics.X-CUBE-BLEMGR.3.0.0
2024-03-23 16:40:53,199 [WARN] PackLoader:240 - Cannot read IP mode file for STMicroelectronics.FP-ATR-SIGFOX1.3.2.0
2024-03-23 16:40:53,204 [WARN] PackLoader:240 - Cannot read IP mode file for STMicroelectronics.X-CUBE-EEPRMA1.5.1.0
2024-03-23 16:40:53,228 [WARN] PackLoader:240 - Cannot read IP mode file for SEGGER.I-CUBE-embOS.1.3.1
2024-03-23 16:40:53,267 [WARN] PackLoader:240 - Cannot read IP mode file for STMicroelectronics.X-CUBE-GNSS1.6.0.0
2024-03-23 16:40:53,279 [WARN] PackLoader:240 - Cannot read IP mode file for STMicroelectronics.X-CUBE-AZRTOS-F4.1.1.0
2024-03-23 16:40:53,284 [WARN] PackLoader:240 - Cannot read IP mode file for wolfSSL.I-CUBE-wolfSSL.5.6.3
2024-03-23 16:40:53,301 [WARN] PackLoader:240 - Cannot read IP mode file for STMicroelectronics.X-CUBE-AZRTOS-L5.2.0.0
2024-03-23 16:40:53,342 [WARN] PackLoader:240 - Cannot read IP mode file for STMicroelectronics.X-CUBE-MEMS1.9.6.0
2024-03-23 16:40:53,460 [WARN] PackLoader:240 - Cannot read IP mode file for STMicroelectronics.X-CUBE-EEPRMA1.4.2.0
2024-03-23 16:40:53,465 [WARN] PackLoader:240 - Cannot read IP mode file for STMicroelectronics.X-CUBE-NFC6.3.1.0
2024-03-23 16:40:53,470 [WARN] PackLoader:240 - Cannot read IP mode file for ITTIA_DB.I-CUBE-ITTIADB.8.8.0
2024-03-23 16:40:53,474 [WARN] PackLoader:240 - Cannot read IP mode file for STMicroelectronics.X-CUBE-BLEMGR.2.0.0
2024-03-23 16:40:53,486 [WARN] ConditionMgr:438 - getConditionDescription Invalid condition id : UX DEVICE CLASS RTOS Condition cause : null
2024-03-23 16:40:53,486 [WARN] ConditionMgr:438 - getConditionDescription Invalid condition id : UX DEVICE CLASS RTOS Condition cause : null
2024-03-23 16:40:53,489 [WARN] PackLoader:240 - Cannot read IP mode file for STMicroelectronics.X-CUBE-AZRTOS-H7.3.1.0
2024-03-23 16:40:53,490 [WARN] ConditionMgr:1039 - genDependencies : Invalid condition id : UX DEVICE CLASS RTOS Condition cause : null
2024-03-23 16:40:53,490 [WARN] ConditionMgr:1039 - genDependencies : Invalid condition id : UX DEVICE CLASS RTOS Condition cause : null
2024-03-23 16:40:53,491 [WARN] ConditionMgr:1039 - genDependencies : Invalid condition id : UX DEVICE CLASS RTOS Condition cause : null
2024-03-23 16:40:53,491 [WARN] ConditionMgr:1039 - genDependencies : Invalid condition id : UX DEVICE CLASS RTOS Condition cause : null
2024-03-23 16:40:53,491 [WARN] ConditionMgr:1039 - genDependencies : Invalid condition id : UX DEVICE CLASS RTOS Condition cause : null
2024-03-23 16:40:53,496 [WARN] PackLoader:240 - Cannot read IP mode file for STMicroelectronics.X-CUBE-NFC7.1.0.1
2024-03-23 16:40:53,501 [WARN] PackLoader:240 - Cannot read IP mode file for STMicroelectronics.X-CUBE-NFC6.3.0.0
2024-03-23 16:40:53,506 [WARN] PackLoader:240 - Cannot read IP mode file for STMicroelectronics.X-CUBE-EEPRMA1.4.1.0
2024-03-23 16:40:53,509 [WARN] PackLoader:240 - Cannot read IP mode file for STMicroelectronics.X-CUBE-AI.8.1.0
2024-03-23 16:40:53,519 [WARN] ConditionMgr:438 - getConditionDescription Invalid condition id : LAN8742 Phy interface Condition cause : null
2024-03-23 16:40:53,519 [WARN] PackLoader:240 - Cannot read IP mode file for STMicroelectronics.X-CUBE-AZRTOS-L4.2.0.0
2024-03-23 16:40:53,521 [WARN] ConditionMgr:1039 - genDependencies : Invalid condition id : LAN8742 Phy interface Condition cause : null
2024-03-23 16:40:53,521 [WARN] ConditionMgr:1039 - genDependencies : Invalid condition id : LAN8742 Phy interface Condition cause : null
2024-03-23 16:40:53,522 [WARN] ConditionMgr:1039 - genDependencies : Invalid condition id : LAN8742 Phy interface Condition cause : null
2024-03-23 16:40:53,527 [WARN] PackLoader:240 - Cannot read IP mode file for STMicroelectronics.X-CUBE-SFXS2LP1.4.0.0
2024-03-23 16:40:53,531 [WARN] PackLoader:240 - Cannot read IP mode file for STMicroelectronics.X-CUBE-ISPU.1.1.0
2024-03-23 16:40:53,538 [WARN] ConditionMgr:438 - getConditionDescription Invalid condition id : UX DEVICE CLASS RTOS Condition cause : null
2024-03-23 16:40:53,538 [WARN] ConditionMgr:438 - getConditionDescription Invalid condition id : UX DEVICE CLASS RTOS Condition cause : null
2024-03-23 16:40:53,540 [WARN] PackLoader:240 - Cannot read IP mode file for STMicroelectronics.X-CUBE-AZRTOS-WB.2.0.0
2024-03-23 16:40:53,540 [WARN] ConditionMgr:1039 - genDependencies : Invalid condition id : UX DEVICE CLASS RTOS Condition cause : null
2024-03-23 16:40:53,540 [WARN] ConditionMgr:1039 - genDependencies : Invalid condition id : UX DEVICE CLASS RTOS Condition cause : null
2024-03-23 16:40:53,541 [WARN] ConditionMgr:1039 - genDependencies : Invalid condition id : UX DEVICE CLASS RTOS Condition cause : null
2024-03-23 16:40:53,541 [WARN] ConditionMgr:1039 - genDependencies : Invalid condition id : UX DEVICE CLASS RTOS Condition cause : null
2024-03-23 16:40:53,541 [WARN] ConditionMgr:1039 - genDependencies : Invalid condition id : UX DEVICE CLASS RTOS Condition cause : null
2024-03-23 16:40:53,548 [WARN] PackLoader:240 - Cannot read IP mode file for STMicroelectronics.X-CUBE-SUBG2.5.0.0
2024-03-23 16:40:53,558 [WARN] PackLoader:240 - Cannot read IP mode file for STMicroelectronics.X-CUBE-TOF1.3.3.1
2024-03-23 16:40:53,572 [WARN] PackLoader:240 - Cannot read IP mode file for STMicroelectronics.X-CUBE-AZRTOS-G4.2.0.0
2024-03-23 16:40:53,583 [WARN] PackLoader:240 - Cannot read IP mode file for Infineon.AIROC-Wi-Fi-Bluetooth-STM32.1.5.1
2024-03-23 16:40:53,587 [WARN] PackLoader:240 - Cannot read IP mode file for STMicroelectronics.FP-SNS-MOTENVWB1.1.3.0
2024-03-23 16:40:53,589 [WARN] PackLoader:240 - Cannot read IP mode file for STMicroelectronics.FP-SNS-MOTENVWB1.1.3.1
2024-03-23 16:40:53,591 [WARN] PackLoader:240 - Cannot read IP mode file for STMicroelectronics.X-CUBE-ISPU.2.0.0
2024-03-23 16:40:53,608 [WARN] PackLoader:240 - Cannot read IP mode file for STMicroelectronics.X-CUBE-MEMS1.10.0.0
2024-03-23 16:40:53,662 [WARN] PackLoader:240 - Cannot read IP mode file for STMicroelectronics.X-CUBE-FREERTOS.1.1.0
2024-03-23 16:40:53,664 [WARN] PackLoader:240 - Cannot read IP mode file for portGmbH.I-Cube-SoM-uGOAL.1.1.0
2024-03-23 16:40:53,666 [WARN] PackLoader:240 - Cannot read IP mode file for STMicroelectronics.X-CUBE-ALS.1.0.1
2024-03-23 16:40:53,668 [WARN] PackLoader:240 - Cannot read IP mode file for STMicroelectronics.FP-ATR-ASTRA1.2.0.0
2024-03-23 16:40:53,672 [WARN] PackLoader:240 - Cannot read IP mode file for STMicroelectronics.X-CUBE-TOF1.3.4.0
2024-03-23 16:40:53,683 [WARN] PackLoader:240 - Cannot read IP mode file for STMicroelectronics.X-CUBE-TOF1.3.4.1
2024-03-23 16:40:53,696 [WARN] PackLoader:240 - Cannot read IP mode file for STMicroelectronics.X-CUBE-AZRTOS-H7.3.2.0
2024-03-23 16:40:53,697 [INFO] ThirdParty:978 - Integrity check success = true
2024-03-23 16:40:53,698 [INFO] IntegrityCheckThread:100 - exiting critical section [integrity check]
2024-03-23 16:40:53,698 [INFO] IntegrityCheckThread:103 - End integrity checks thread
2024-03-23 16:40:55,591 [INFO] McuFinderGlobals:63 - Set McuFinder mode to 2 (CubeIDE integrated)
2024-03-23 16:40:55,593 [INFO] MainUpdater:2868 - connection check result : 10
2024-03-23 16:40:55,744 [INFO] ApiDb:581 - Connected to CubeFinder SQLite database (/home/vakhaib/.stmcufinder/plugins/mcufinder/mcu/cube-finder-db.db)
2024-03-23 16:40:55,778 [INFO] ApiDb:668 - CubeFinder database Data Model version=2.1
2024-03-23 16:40:55,778 [INFO] ApiDb:669 - CubeFinder database Configuration version=3.0.39
2024-03-23 16:40:55,778 [INFO] ApiDb:670 - CubeFinder database generation date=2024-03-01 (1709305525)
2024-03-23 16:40:55,779 [INFO] ApiDb:671 - CubeFinder database FW Pack versions=[FP-ATR-ASTRA1_V2.0.0, FP-SNS-FLIGHT1_V5.0.1, FP-SNS-FLIGHT1_V5.0.2, FP-SNS-MOTENV1_V4.3.1, FP-SNS-MOTENV1_V4.3.2, FP-SNS-MOTENVWB1_V1.3.1, FP-SNS-SMARTAG2_V1.2.0, STM32Cube_FW_C0_V1.1.0, STM32Cube_FW_F4_V1.28.0, STM32Cube_FW_F7_V1.17.0, STM32Cube_FW_G0_V1.6.2, STM32Cube_FW_G4_V1.5.2, STM32Cube_FW_H5_V0.5.1, STM32Cube_FW_H5_V1.1.1, STM32Cube_FW_H5_V1.2.0, STM32Cube_FW_H5_V1.2.0RC4, STM32Cube_FW_H7RS_V1.0.0, STM32Cube_FW_H7RS_V1.0.0RC4, STM32Cube_FW_H7_V1.11.0, STM32Cube_FW_L0_V1.12.2, STM32Cube_FW_L5_V1.5.1, STM32Cube_FW_U0_V1.0.0, STM32Cube_FW_U0_V1.0.0RC1, STM32Cube_FW_U5_V1.3.0RC4, STM32Cube_FW_U5_V1.5.0, STM32Cube_FW_U5_V1.5.0RC1, STM32Cube_FW_WBA_V1.0.0RC1, STM32Cube_FW_WBA_V1.2.0, STM32Cube_FW_WBA_V1.2.0RC2, STM32Cube_FW_WBA_V1.3.0, STM32Cube_FW_WBA_V1.3.0RC1, STM32Cube_FW_WB_V1.15.0RC1, STM32Cube_FW_WB_V1.16.0, STM32Cube_FW_WB_V1.16.0RC2, STM32Cube_FW_WB_V1.18.0, STM32Cube_FW_WB_V1.19.0, STM32Cube_FW_WL_V1.3.0, X-CUBE-ALGOBUILD_V1.3.0, X-CUBE-ALS_V1.0.1, X-CUBE-AZRTOS-F4_V1.1.0, X-CUBE-AZRTOS-F7_V1.1.0, X-CUBE-AZRTOS-G0_V1.1.0, X-CUBE-AZRTOS-G4_V2.0.0, X-CUBE-AZRTOS-H7_V3.2.0, X-CUBE-AZRTOS-L4_V1.0.0, X-CUBE-AZRTOS-L4_V2.0.0, X-CUBE-AZRTOS-L5_V1.1.0, X-CUBE-AZRTOS-WB_V2.0.0, X-CUBE-AZRTOS-WL_V2.0.0, X-CUBE-BLE1_V7.0.0, X-CUBE-BLE2_V3.3.0, X-CUBE-BLEMGR_V3.1.0, X-CUBE-EEPRMA1_V4.1.0, X-CUBE-EEPRMA1_V5.1.0, X-CUBE-FREERTOS_V1.1.0, X-CUBE-GNSS1_V6.0.0, X-CUBE-MEMS1_V10.0.0, X-CUBE-MEMS1_V9.1.0, X-CUBE-MEMS1_V9.4.0, X-CUBE-MEMS1_V9.6.0, X-CUBE-NFC4_V3.0.0, X-CUBE-NFC7_V1.0.1, X-CUBE-SFXS2LP1_V4.0.0, X-CUBE-SUBG2_V5.0.0, X-CUBE-TOF1_V3.4.0]
2024-03-23 16:40:55,814 [INFO] DbBoardsSqlite:226 - include board P-NUCLEO-WB55-NUCLEO as a kit item of type 'Nucleo-64'
2024-03-23 16:40:55,814 [INFO] DbBoardsSqlite:226 - include board P-NUCLEO-WB55-USBDONGLE as a kit item of type 'Nucleo USB Dongle'
2024-03-23 16:40:55,814 [INFO] DbBoardsSqlite:226 - include board STEVAL-IDP005V1 as a kit item of type 'Evaluation Board'
2024-03-23 16:40:55,814 [INFO] DbBoardsSqlite:226 - include board STEVAL-IDP005V2 as a kit item of type 'Evaluation Board'
2024-03-23 16:40:55,839 [INFO] ApiDb:240 - Found 323 in-development CPN: [B-G473E-ZEST1S, B-WB1M-WPAN1, B-WL5M-SUBG1, NUCLEO-C031C6, NUCLEO-H503RB, NUCLEO-H563ZI, NUCLEO-U545RE-Q, NUCLEO-U5A5ZJ-Q, NUCLEO-WBA52CG, STEVAL-PROTEUS1, STEVAL-SMARTAG2, STEVAL-STWINBX1, STM320518-EVAL, STM32C0116-DK, STM32C011D6Y3TR, STM32C011D6Y6TR, STM32C011F4P3, STM32C011F4P6, STM32C011F4U3, STM32C011F4U6TR, STM32C011F6P3, STM32C011F6P6, STM32C011F6U3, STM32C011F6U6TR, STM32C011J4M3, STM32C011J4M6, STM32C011J6M3, STM32C011J6M6, STM32C0316-DK, STM32C031C4T3, STM32C031C4T6, STM32C031C4U3, STM32C031C4U6, STM32C031C6T3, STM32C031C6T6, STM32C031C6U3, STM32C031C6U6, STM32C031F4P3, STM32C031F4P6, STM32C031F6P3, STM32C031F6P6, STM32C031G4U3, STM32C031G4U6, STM32C031G6U3, STM32C031G6U6, STM32C031K4T3, STM32C031K4T6, STM32C031K4U3, STM32C031K4U6, STM32C031K6T3, STM32C031K6T6, STM32C031K6U3, STM32C031K6U6, STM32G071K8TXN, STM32G071K8UXN, STM32G081GBU6N, STM32G081KBT6N, STM32G081KBUXN, STM32G0B1CCT6N, STM32G0B1KCT6, STM32G0B1NEY6TR, STM32G0B1RCT6N, STM32G0C1CCT6, STM32G0C1CCT6N, STM32G0C1CCU6N, STM32G0C1CET6N, STM32G0C1CEU6N, STM32G0C1KCT6, STM32G0C1NEY6TR, STM32G0C1RCI6N, STM32G0C1RCT6N, STM32G0C1REI6N, STM32G0C1RET6N, STM32G0C1VCI6, STM32G0C1VEI6, STM32G471CCT6, STM32G471CCU6, STM32G471CET3, STM32G471CET6, STM32G471CEU3, STM32G471CEU6, STM32G471MCT6, STM32G471MET3, STM32G471MET6, STM32G471MEY6TR, STM32G471QCT6, STM32G471QET3, STM32G471RCT6, STM32G471RET3, STM32G471RET6, STM32G471VCH6, STM32G471VCI6, STM32G471VCT6, STM32G471VEH3, STM32G471VEH6, STM32G471VEI3, STM32G471VEI6, STM32G471VET3, STM32G471VET6, STM32G474CCT6, STM32H503CBT6, STM32H503CBU6, STM32H503EBY6TR, STM32H503KBU6, STM32H503RBT6, STM32H562AGI6, STM32H562AII6, STM32H562IGK6, STM32H562IGT6, STM32H562IIK6, STM32H562IIT6, STM32H562RGT6, STM32H562RGV6, STM32H562RIT6, STM32H562RIV6, STM32H562VGT6, STM32H562VIT6, STM32H562ZGT6, STM32H562ZIT6, STM32H563AGI6, STM32H563AII3Q, STM32H563AII6, STM32H563IGK6, STM32H563IGT6, STM32H563IIK3Q, STM32H563IIK6, STM32H563IIT3Q, STM32H563IIT6, STM32H563MIY3QTR, STM32H563RGT6, STM32H563RGV6, STM32H563RIT6, STM32H563RIV6, STM32H563VGT6, STM32H563VIT3Q, STM32H563VIT6, STM32H563ZGT6, STM32H563ZIT3Q, STM32H563ZIT6, STM32H573AII3Q, STM32H573AII6, STM32H573I-DK, STM32H573IIK3Q, STM32H573IIK6, STM32H573IIT3Q, STM32H573IIT6, STM32H573MIY3QTR, STM32H573RIT6, STM32H573RIV6, STM32H573VIT3Q, STM32H573VIT6, STM32H573ZIT3Q, STM32H573ZIT6, STM32L4R5QGI6STR, STM32MP131AAE3, STM32MP131AAF3, STM32MP131AAG3, STM32MP131CAE3, STM32MP131CAF3, STM32MP131CAG3, STM32MP131DAE7, STM32MP131DAF7, STM32MP131DAG7, STM32MP131FAE7, STM32MP131FAF7, STM32MP131FAG7, STM32MP133AAE3, STM32MP133AAF3, STM32MP133AAG3, STM32MP133CAE3, STM32MP133CAF3, STM32MP133CAG3, STM32MP133DAE7, STM32MP133DAF7, STM32MP133DAG7, STM32MP133FAE7, STM32MP133FAF7, STM32MP133FAG7, STM32MP135AAE3, STM32MP135AAF3, STM32MP135AAG3, STM32MP135CAE3, STM32MP135CAF3, STM32MP135CAG3, STM32MP135DAE7, STM32MP135DAF7, STM32MP135DAG7, STM32MP135F-DK, STM32MP135FAE7, STM32MP135FAF7, STM32MP135FAF7T, STM32MP135FAF7U, STM32MP135FAG7, STM32U535CBT6, STM32U535CBT6Q, STM32U535CBU6, STM32U535CBU6Q, STM32U535CCT6, STM32U535CCT6Q, STM32U535CCU6, STM32U535CCU6Q, STM32U535CET6, STM32U535CET6Q, STM32U535CEU6, STM32U535CEU6Q, STM32U535JEY6QTR, STM32U535NCY6QTR, STM32U535NEY6QTR, STM32U535RBI6, STM32U535RBI6Q, STM32U535RBT6, STM32U535RBT6Q, STM32U535RCI6, STM32U535RCI6Q, STM32U535RCT6, STM32U535RCT6Q, STM32U535REI6, STM32U535REI6Q, STM32U535RET6, STM32U535RET6Q, STM32U535VCI6, STM32U535VCI6Q, STM32U535VCT6, STM32U535VCT6Q, STM32U535VEI6, STM32U535VEI6Q, STM32U535VET6, STM32U535VET6Q, STM32U545CET6, STM32U545CET6Q, STM32U545CEU6, STM32U545CEU6Q, STM32U545JEY6QTR, STM32U545NEY6QTR, STM32U545REI6, STM32U545REI6Q, STM32U545RET6, STM32U545RET6Q, STM32U545VEI6, STM32U545VEI6Q, STM32U545VET6, STM32U545VET6Q, STM32U595AIH6, STM32U595AIH6Q, STM32U595AJH6, STM32U595AJH6Q, STM32U595QII6, STM32U595QII6Q, STM32U595QJI6, STM32U595QJI6Q, STM32U595RIT6, STM32U595RIT6Q, STM32U595RJT6, STM32U595RJT6Q, STM32U595VIT6, STM32U595VIT6Q, STM32U595VJT6, STM32U595VJT6Q, STM32U595ZIT6, STM32U595ZIT6Q, STM32U595ZIY6QTR, STM32U595ZJT6, STM32U595ZJT6Q, STM32U595ZJY6QTR, STM32U599BJY6QTR, STM32U599NIH6Q, STM32U599NJH6Q, STM32U599VIT6Q, STM32U599VJT6, STM32U599VJT6Q, STM32U599ZIT6Q, STM32U599ZIY6QTR, STM32U599ZJT6Q, STM32U599ZJY6QTR, STM32U5A5AJH6, STM32U5A5AJH6Q, STM32U5A5QJI6, STM32U5A5QJI6Q, STM32U5A5RJT6, STM32U5A5RJT6Q, STM32U5A5VJT6, STM32U5A5VJT6Q, STM32U5A5ZJT6, STM32U5A5ZJT6Q, STM32U5A5ZJY6QTR, STM32U5A9BJY6QTR, STM32U5A9J-DK, STM32U5A9NJH6Q, STM32U5A9VJT6Q, STM32U5A9ZJT6Q, STM32U5A9ZJY6QTR, STM32U5F7VIT6, STM32U5F7VIT6Q, STM32U5F7VJT6, STM32U5F7VJT6Q, STM32U5F9BJY6QTR, STM32U5F9NJH6Q, STM32U5F9VIT6Q, STM32U5F9VJT6Q, STM32U5F9ZIJ6QTR, STM32U5F9ZIT6Q, STM32U5F9ZJJ6QTR, STM32U5F9ZJT6Q, STM32U5G7VJT6, STM32U5G7VJT6Q, STM32U5G9BJY6QTR, STM32U5G9J-DK1, STM32U5G9J-DK2, STM32U5G9NJH6Q, STM32U5G9VJT6Q, STM32U5G9ZJJ6QTR, STM32U5G9ZJT6Q, STM32WB1MMCH6, STM32WBA52CEU6, STM32WBA52CEU6T, STM32WBA52CGU6, STM32WBA52CGU6T, STM32WBA52KEU6, STM32WBA52KEU6T, STM32WBA52KGU6, STM32WBA52KGU6T, STM32WL5MOCH6, STM32WL5MOCH6TR]
2024-03-23 16:40:55,841 [INFO] ApiDb:668 - CubeFinder database Data Model version=2.1
2024-03-23 16:40:55,841 [INFO] ApiDb:669 - CubeFinder database Configuration version=3.0.39
2024-03-23 16:40:55,841 [INFO] ApiDb:670 - CubeFinder database generation date=2024-03-01 (1709305525)
2024-03-23 16:40:55,841 [INFO] ApiDb:671 - CubeFinder database FW Pack versions=[FP-ATR-ASTRA1_V2.0.0, FP-SNS-FLIGHT1_V5.0.1, FP-SNS-FLIGHT1_V5.0.2, FP-SNS-MOTENV1_V4.3.1, FP-SNS-MOTENV1_V4.3.2, FP-SNS-MOTENVWB1_V1.3.1, FP-SNS-SMARTAG2_V1.2.0, STM32Cube_FW_C0_V1.1.0, STM32Cube_FW_F4_V1.28.0, STM32Cube_FW_F7_V1.17.0, STM32Cube_FW_G0_V1.6.2, STM32Cube_FW_G4_V1.5.2, STM32Cube_FW_H5_V0.5.1, STM32Cube_FW_H5_V1.1.1, STM32Cube_FW_H5_V1.2.0, STM32Cube_FW_H5_V1.2.0RC4, STM32Cube_FW_H7RS_V1.0.0, STM32Cube_FW_H7RS_V1.0.0RC4, STM32Cube_FW_H7_V1.11.0, STM32Cube_FW_L0_V1.12.2, STM32Cube_FW_L5_V1.5.1, STM32Cube_FW_U0_V1.0.0, STM32Cube_FW_U0_V1.0.0RC1, STM32Cube_FW_U5_V1.3.0RC4, STM32Cube_FW_U5_V1.5.0, STM32Cube_FW_U5_V1.5.0RC1, STM32Cube_FW_WBA_V1.0.0RC1, STM32Cube_FW_WBA_V1.2.0, STM32Cube_FW_WBA_V1.2.0RC2, STM32Cube_FW_WBA_V1.3.0, STM32Cube_FW_WBA_V1.3.0RC1, STM32Cube_FW_WB_V1.15.0RC1, STM32Cube_FW_WB_V1.16.0, STM32Cube_FW_WB_V1.16.0RC2, STM32Cube_FW_WB_V1.18.0, STM32Cube_FW_WB_V1.19.0, STM32Cube_FW_WL_V1.3.0, X-CUBE-ALGOBUILD_V1.3.0, X-CUBE-ALS_V1.0.1, X-CUBE-AZRTOS-F4_V1.1.0, X-CUBE-AZRTOS-F7_V1.1.0, X-CUBE-AZRTOS-G0_V1.1.0, X-CUBE-AZRTOS-G4_V2.0.0, X-CUBE-AZRTOS-H7_V3.2.0, X-CUBE-AZRTOS-L4_V1.0.0, X-CUBE-AZRTOS-L4_V2.0.0, X-CUBE-AZRTOS-L5_V1.1.0, X-CUBE-AZRTOS-WB_V2.0.0, X-CUBE-AZRTOS-WL_V2.0.0, X-CUBE-BLE1_V7.0.0, X-CUBE-BLE2_V3.3.0, X-CUBE-BLEMGR_V3.1.0, X-CUBE-EEPRMA1_V4.1.0, X-CUBE-EEPRMA1_V5.1.0, X-CUBE-FREERTOS_V1.1.0, X-CUBE-GNSS1_V6.0.0, X-CUBE-MEMS1_V10.0.0, X-CUBE-MEMS1_V9.1.0, X-CUBE-MEMS1_V9.4.0, X-CUBE-MEMS1_V9.6.0, X-CUBE-NFC4_V3.0.0, X-CUBE-NFC7_V1.0.1, X-CUBE-SFXS2LP1_V4.0.0, X-CUBE-SUBG2_V5.0.0, X-CUBE-TOF1_V3.4.0]
2024-03-23 16:40:57,204 [INFO] ApiDb:240 - Found 323 in-development CPN: [B-G473E-ZEST1S, B-WB1M-WPAN1, B-WL5M-SUBG1, NUCLEO-C031C6, NUCLEO-H503RB, NUCLEO-H563ZI, NUCLEO-U545RE-Q, NUCLEO-U5A5ZJ-Q, NUCLEO-WBA52CG, STEVAL-PROTEUS1, STEVAL-SMARTAG2, STEVAL-STWINBX1, STM320518-EVAL, STM32C0116-DK, STM32C011D6Y3TR, STM32C011D6Y6TR, STM32C011F4P3, STM32C011F4P6, STM32C011F4U3, STM32C011F4U6TR, STM32C011F6P3, STM32C011F6P6, STM32C011F6U3, STM32C011F6U6TR, STM32C011J4M3, STM32C011J4M6, STM32C011J6M3, STM32C011J6M6, STM32C0316-DK, STM32C031C4T3, STM32C031C4T6, STM32C031C4U3, STM32C031C4U6, STM32C031C6T3, STM32C031C6T6, STM32C031C6U3, STM32C031C6U6, STM32C031F4P3, STM32C031F4P6, STM32C031F6P3, STM32C031F6P6, STM32C031G4U3, STM32C031G4U6, STM32C031G6U3, STM32C031G6U6, STM32C031K4T3, STM32C031K4T6, STM32C031K4U3, STM32C031K4U6, STM32C031K6T3, STM32C031K6T6, STM32C031K6U3, STM32C031K6U6, STM32G071K8TXN, STM32G071K8UXN, STM32G081GBU6N, STM32G081KBT6N, STM32G081KBUXN, STM32G0B1CCT6N, STM32G0B1KCT6, STM32G0B1NEY6TR, STM32G0B1RCT6N, STM32G0C1CCT6, STM32G0C1CCT6N, STM32G0C1CCU6N, STM32G0C1CET6N, STM32G0C1CEU6N, STM32G0C1KCT6, STM32G0C1NEY6TR, STM32G0C1RCI6N, STM32G0C1RCT6N, STM32G0C1REI6N, STM32G0C1RET6N, STM32G0C1VCI6, STM32G0C1VEI6, STM32G471CCT6, STM32G471CCU6, STM32G471CET3, STM32G471CET6, STM32G471CEU3, STM32G471CEU6, STM32G471MCT6, STM32G471MET3, STM32G471MET6, STM32G471MEY6TR, STM32G471QCT6, STM32G471QET3, STM32G471RCT6, STM32G471RET3, STM32G471RET6, STM32G471VCH6, STM32G471VCI6, STM32G471VCT6, STM32G471VEH3, STM32G471VEH6, STM32G471VEI3, STM32G471VEI6, STM32G471VET3, STM32G471VET6, STM32G474CCT6, STM32H503CBT6, STM32H503CBU6, STM32H503EBY6TR, STM32H503KBU6, STM32H503RBT6, STM32H562AGI6, STM32H562AII6, STM32H562IGK6, STM32H562IGT6, STM32H562IIK6, STM32H562IIT6, STM32H562RGT6, STM32H562RGV6, STM32H562RIT6, STM32H562RIV6, STM32H562VGT6, STM32H562VIT6, STM32H562ZGT6, STM32H562ZIT6, STM32H563AGI6, STM32H563AII3Q, STM32H563AII6, STM32H563IGK6, STM32H563IGT6, STM32H563IIK3Q, STM32H563IIK6, STM32H563IIT3Q, STM32H563IIT6, STM32H563MIY3QTR, STM32H563RGT6, STM32H563RGV6, STM32H563RIT6, STM32H563RIV6, STM32H563VGT6, STM32H563VIT3Q, STM32H563VIT6, STM32H563ZGT6, STM32H563ZIT3Q, STM32H563ZIT6, STM32H573AII3Q, STM32H573AII6, STM32H573I-DK, STM32H573IIK3Q, STM32H573IIK6, STM32H573IIT3Q, STM32H573IIT6, STM32H573MIY3QTR, STM32H573RIT6, STM32H573RIV6, STM32H573VIT3Q, STM32H573VIT6, STM32H573ZIT3Q, STM32H573ZIT6, STM32L4R5QGI6STR, STM32MP131AAE3, STM32MP131AAF3, STM32MP131AAG3, STM32MP131CAE3, STM32MP131CAF3, STM32MP131CAG3, STM32MP131DAE7, STM32MP131DAF7, STM32MP131DAG7, STM32MP131FAE7, STM32MP131FAF7, STM32MP131FAG7, STM32MP133AAE3, STM32MP133AAF3, STM32MP133AAG3, STM32MP133CAE3, STM32MP133CAF3, STM32MP133CAG3, STM32MP133DAE7, STM32MP133DAF7, STM32MP133DAG7, STM32MP133FAE7, STM32MP133FAF7, STM32MP133FAG7, STM32MP135AAE3, STM32MP135AAF3, STM32MP135AAG3, STM32MP135CAE3, STM32MP135CAF3, STM32MP135CAG3, STM32MP135DAE7, STM32MP135DAF7, STM32MP135DAG7, STM32MP135F-DK, STM32MP135FAE7, STM32MP135FAF7, STM32MP135FAF7T, STM32MP135FAF7U, STM32MP135FAG7, STM32U535CBT6, STM32U535CBT6Q, STM32U535CBU6, STM32U535CBU6Q, STM32U535CCT6, STM32U535CCT6Q, STM32U535CCU6, STM32U535CCU6Q, STM32U535CET6, STM32U535CET6Q, STM32U535CEU6, STM32U535CEU6Q, STM32U535JEY6QTR, STM32U535NCY6QTR, STM32U535NEY6QTR, STM32U535RBI6, STM32U535RBI6Q, STM32U535RBT6, STM32U535RBT6Q, STM32U535RCI6, STM32U535RCI6Q, STM32U535RCT6, STM32U535RCT6Q, STM32U535REI6, STM32U535REI6Q, STM32U535RET6, STM32U535RET6Q, STM32U535VCI6, STM32U535VCI6Q, STM32U535VCT6, STM32U535VCT6Q, STM32U535VEI6, STM32U535VEI6Q, STM32U535VET6, STM32U535VET6Q, STM32U545CET6, STM32U545CET6Q, STM32U545CEU6, STM32U545CEU6Q, STM32U545JEY6QTR, STM32U545NEY6QTR, STM32U545REI6, STM32U545REI6Q, STM32U545RET6, STM32U545RET6Q, STM32U545VEI6, STM32U545VEI6Q, STM32U545VET6, STM32U545VET6Q, STM32U595AIH6, STM32U595AIH6Q, STM32U595AJH6, STM32U595AJH6Q, STM32U595QII6, STM32U595QII6Q, STM32U595QJI6, STM32U595QJI6Q, STM32U595RIT6, STM32U595RIT6Q, STM32U595RJT6, STM32U595RJT6Q, STM32U595VIT6, STM32U595VIT6Q, STM32U595VJT6, STM32U595VJT6Q, STM32U595ZIT6, STM32U595ZIT6Q, STM32U595ZIY6QTR, STM32U595ZJT6, STM32U595ZJT6Q, STM32U595ZJY6QTR, STM32U599BJY6QTR, STM32U599NIH6Q, STM32U599NJH6Q, STM32U599VIT6Q, STM32U599VJT6, STM32U599VJT6Q, STM32U599ZIT6Q, STM32U599ZIY6QTR, STM32U599ZJT6Q, STM32U599ZJY6QTR, STM32U5A5AJH6, STM32U5A5AJH6Q, STM32U5A5QJI6, STM32U5A5QJI6Q, STM32U5A5RJT6, STM32U5A5RJT6Q, STM32U5A5VJT6, STM32U5A5VJT6Q, STM32U5A5ZJT6, STM32U5A5ZJT6Q, STM32U5A5ZJY6QTR, STM32U5A9BJY6QTR, STM32U5A9J-DK, STM32U5A9NJH6Q, STM32U5A9VJT6Q, STM32U5A9ZJT6Q, STM32U5A9ZJY6QTR, STM32U5F7VIT6, STM32U5F7VIT6Q, STM32U5F7VJT6, STM32U5F7VJT6Q, STM32U5F9BJY6QTR, STM32U5F9NJH6Q, STM32U5F9VIT6Q, STM32U5F9VJT6Q, STM32U5F9ZIJ6QTR, STM32U5F9ZIT6Q, STM32U5F9ZJJ6QTR, STM32U5F9ZJT6Q, STM32U5G7VJT6, STM32U5G7VJT6Q, STM32U5G9BJY6QTR, STM32U5G9J-DK1, STM32U5G9J-DK2, STM32U5G9NJH6Q, STM32U5G9VJT6Q, STM32U5G9ZJJ6QTR, STM32U5G9ZJT6Q, STM32WB1MMCH6, STM32WBA52CEU6, STM32WBA52CEU6T, STM32WBA52CGU6, STM32WBA52CGU6T, STM32WBA52KEU6, STM32WBA52KEU6T, STM32WBA52KGU6, STM32WBA52KGU6T, STM32WL5MOCH6, STM32WL5MOCH6TR]
2024-03-23 16:40:57,207 [INFO] DbMcus:217 - Found 3938 MCUs, 3938 are supported
2024-03-23 16:40:57,208 [INFO] ApiDb:423 - Load user favorites file /home/vakhaib/.stm32cubeide/favorites.mcus.txt: 0 item(s)
2024-03-23 16:40:57,208 [INFO] ApiDb:427 - User favorites MCUs=[]
2024-03-23 16:40:57,208 [INFO] DbMcus:223 - Set 0 / 0 favorites MCUs
2024-03-23 16:40:57,439 [INFO] BoardInfo:880 - No configuration file found for board P-NUCLEO-WB55
2024-03-23 16:40:57,439 [INFO] DbBoards:157 - Kit is not supported: P-NUCLEO-WB55
2024-03-23 16:40:57,441 [INFO] BoardInfo:880 - No configuration file found for board STEVAL-BFA001V1B
2024-03-23 16:40:57,441 [INFO] DbBoards:157 - Kit is not supported: STEVAL-BFA001V1B
2024-03-23 16:40:57,442 [INFO] BoardInfo:880 - No configuration file found for board STEVAL-BFA001V2B
2024-03-23 16:40:57,442 [INFO] DbBoards:157 - Kit is not supported: STEVAL-BFA001V2B
2024-03-23 16:40:57,443 [INFO] BoardInfo:880 - No configuration file found for board STEVAL-MKBOXPRO
2024-03-23 16:40:57,443 [INFO] DbBoards:157 - Board is not supported: STEVAL-MKBOXPRO
2024-03-23 16:40:57,490 [INFO] DbBoards:161 - Found 191 boards, 187 are supported
2024-03-23 16:40:57,491 [INFO] ApiDb:423 - Load user favorites file /home/vakhaib/.stm32cubeide/favorites.boards.txt: 1 item(s)
2024-03-23 16:40:57,491 [INFO] ApiDb:427 - User favorites Boards=[NUCLEO-F103RB]
2024-03-23 16:40:57,491 [INFO] DbBoards:190 - Set 1 / 1 favorites Boards
2024-03-23 16:40:57,491 [INFO] McuFinderGlobals:76 - Set McuFinderConnectedMode to true
2024-03-23 16:40:57,495 [INFO] MultiScanPanel:200 - Auto-refresh data requested => check proxy status ongoing
2024-03-23 16:40:57,496 [INFO] FinderPluginLoader:95 - Searching for filters in installed packs
2024-03-23 16:40:58,166 [INFO] LoadUrlFilesThread:185 - End of LoadServerUrlFiles without Thread
2024-03-23 16:40:58,172 [INFO] DetailPanel:341 - Set advertising image to /home/vakhaib/STM32Cube/Repository//en.prom-stm32wl3-mcu-finder.jpg
2024-03-23 16:41:11,069 [ERROR] LogOutputStream:75 - [STDERR_REDIRECT] SLF4J: Failed to load class "org.slf4j.impl.StaticLoggerBinder".
2024-03-23 16:41:11,069 [ERROR] LogOutputStream:75 - [STDERR_REDIRECT] SLF4J: Defaulting to no-operation (NOP) logger implementation
2024-03-23 16:41:11,069 [ERROR] LogOutputStream:75 - [STDERR_REDIRECT] SLF4J: See http://www.slf4j.org/codes.html#StaticLoggerBinder for further details.
2024-03-23 16:42:01,327 [INFO] MainUpdater:2868 - connection check result : 10
2024-03-23 16:42:01,327 [INFO] MainUpdater:2868 - connection check result : 10
2024-03-23 16:42:01,339 [INFO] MicroXplorer:468 - Change Database Path : 
2024-03-23 16:42:01,339 [INFO] MicroXplorer:498 - Change Database Version : DB.6.0.91
2024-03-23 16:42:01,341 [WARN] ThirdParty:871 - waiting for thirdparty lock release [close project]
2024-03-23 16:42:01,341 [INFO] ThirdParty:873 - entering critical section [close project]
2024-03-23 16:42:01,342 [INFO] ThirdParty:883 - exiting critical section [close project]
2024-03-23 16:42:01,343 [INFO] PinOutPanel:1499 - setPackage(No Configuration,No Configuration)
2024-03-23 16:42:01,346 [INFO] UtilMem:75 - Begin LoadConfig() Used Memory: 243493816 Bytes (566231040)
2024-03-23 16:42:01,346 [INFO] MicroXplorer:468 - Change Database Path : 
2024-03-23 16:42:01,346 [INFO] MicroXplorer:498 - Change Database Version : DB.6.0.91
2024-03-23 16:42:01,347 [INFO] OpenFileManager:308 - Change cursor
2024-03-23 16:42:01,363 [INFO] Mcu:1946 - Initializing MCU STM32L031G6Ux STM32L031G6Ux STM32L031G6U6
2024-03-23 16:42:01,649 [INFO] Context:659 - Trying to add GPIOservice into a context  which must be forbidden
2024-03-23 16:42:01,745 [INFO] ImportTextPane:194 - (OptionalMessage_ERROR) Unable to find key (Mcu.ThirdPartyNb) in loaded IOC file
2024-03-23 16:42:01,745 [INFO] ImportTextPane:194 - (OptionalMessage_ERROR) Unable to find key (Mcu.PinsNb) in loaded IOC file
2024-03-23 16:42:01,745 [INFO] ImportTextPane:194 - (OptionalMessage_ERROR) Unable to find key (Mcu.IPNb) in loaded IOC file
2024-03-23 16:42:01,822 [INFO] RtosManager:555 - Registered RTOS mode: class=CMSIS, group=RTOS, mode=CMSIS_V1, owner=FREERTOS
2024-03-23 16:42:01,822 [INFO] RtosManager:555 - Registered RTOS mode: class=CMSIS, group=RTOS2, mode=CMSIS_V2, owner=FREERTOS
2024-03-23 16:42:01,822 [INFO] RtosManager:555 - Registered RTOS mode: class=RTOS, group=Core, mode=CMSIS_V1, owner=FREERTOS
2024-03-23 16:42:01,823 [INFO] RtosManager:555 - Registered RTOS mode: class=RTOS, group=Core, mode=CMSIS_V2, owner=FREERTOS
2024-03-23 16:42:01,823 [WARN] ModelIntegratedComponent:184 - Missing modes for component STMicroelectronics:FreeRTOS:0.0.1:STMicroelectronics:RTOS:FreeRTOS:Core:::10.2.0:
2024-03-23 16:42:01,830 [WARN] ModelIntegratedComponent:63 - No mode defined for component null
2024-03-23 16:42:01,830 [WARN] ModelIntegratedComponent:63 - No mode defined for component null
2024-03-23 16:42:01,830 [WARN] ModelIntegratedComponent:63 - No mode defined for component null
2024-03-23 16:42:01,830 [WARN] ModelIntegratedComponent:63 - No mode defined for component null
2024-03-23 16:42:01,830 [WARN] ModelIntegratedComponent:63 - No mode defined for component null
2024-03-23 16:42:01,830 [WARN] ModelIntegratedComponent:63 - No mode defined for component null
2024-03-23 16:42:01,830 [WARN] ModelIntegratedComponent:63 - No mode defined for component null
2024-03-23 16:42:01,830 [WARN] ModelIntegratedComponent:63 - No mode defined for component null
2024-03-23 16:42:01,830 [WARN] ModelIntegratedComponent:63 - No mode defined for component null
2024-03-23 16:42:01,830 [WARN] ModelIntegratedComponent:63 - No mode defined for component null
2024-03-23 16:42:01,830 [WARN] ModelIntegratedComponent:63 - No mode defined for component null
2024-03-23 16:42:01,830 [WARN] ModelIntegratedComponent:63 - No mode defined for component null
2024-03-23 16:42:01,830 [WARN] ModelIntegratedComponent:63 - No mode defined for component null
2024-03-23 16:42:01,830 [WARN] ModelIntegratedComponent:63 - No mode defined for component null
2024-03-23 16:42:01,830 [WARN] ModelIntegratedComponent:63 - No mode defined for component null
2024-03-23 16:42:01,830 [WARN] ModelIntegratedComponent:63 - No mode defined for component null
2024-03-23 16:42:01,830 [WARN] ModelIntegratedComponent:63 - No mode defined for component null
2024-03-23 16:42:01,830 [WARN] ModelIntegratedComponent:63 - No mode defined for component null
2024-03-23 16:42:01,830 [WARN] ModelIntegratedComponent:63 - No mode defined for component null
2024-03-23 16:42:01,830 [WARN] ModelIntegratedComponent:63 - No mode defined for component null
2024-03-23 16:42:01,830 [WARN] ModelIntegratedComponent:63 - No mode defined for component null
2024-03-23 16:42:01,830 [WARN] ModelIntegratedComponent:63 - No mode defined for component null
2024-03-23 16:42:01,830 [WARN] ModelIntegratedComponent:63 - No mode defined for component null
2024-03-23 16:42:01,830 [WARN] ModelIntegratedComponent:63 - No mode defined for component null
2024-03-23 16:42:01,830 [WARN] ModelIntegratedComponent:63 - No mode defined for component null
2024-03-23 16:42:01,831 [WARN] ModelIntegratedComponent:63 - No mode defined for component null
2024-03-23 16:42:01,831 [WARN] ModelIntegratedComponent:63 - No mode defined for component null
2024-03-23 16:42:01,831 [WARN] ModelIntegratedComponent:63 - No mode defined for component null
2024-03-23 16:42:01,831 [WARN] ModelIntegratedComponent:63 - No mode defined for component null
2024-03-23 16:42:01,831 [WARN] ModelIntegratedComponent:63 - No mode defined for component null
2024-03-23 16:42:01,831 [WARN] ModelIntegratedComponent:63 - No mode defined for component null
2024-03-23 16:42:01,831 [WARN] ModelIntegratedComponent:63 - No mode defined for component null
2024-03-23 16:42:01,831 [WARN] ModelIntegratedComponent:63 - No mode defined for component null
2024-03-23 16:42:01,881 [INFO] ThirdPartyModel:298 - Start build external matchings
2024-03-23 16:42:02,351 [INFO] ThirdPartyModel:316 - End build external matchings
2024-03-23 16:42:02,453 [INFO] UtilMem:75 - End LoadConfig() Used Memory: 208516432 Bytes (566231040)
2024-03-23 16:42:02,461 [WARN] ThirdParty:833 - waiting for thirdparty lock release [change project]
2024-03-23 16:42:02,461 [INFO] ThirdParty:835 - entering critical section [change project]
2024-03-23 16:42:02,461 [INFO] ThirdParty:1030 - CMSIS Pack Vendor :STMicroelectronics X-CUBE-ISPU 1.1.0
2024-03-23 16:42:02,461 [INFO] ThirdParty:1030 - CMSIS Pack Vendor :STMicroelectronics USBPD 4.1
2024-03-23 16:42:02,461 [INFO] ThirdParty:1030 - CMSIS Pack Vendor :STMicroelectronics X-CUBE-GNSS1 6.0.0
2024-03-23 16:42:02,461 [INFO] ThirdParty:1030 - CMSIS Pack Vendor :STMicroelectronics USB_HOST 2.0.0
2024-03-23 16:42:02,461 [INFO] ThirdParty:1030 - CMSIS Pack Vendor :STMicroelectronics X-CUBE-AZRTOS-F4 1.1.0
2024-03-23 16:42:02,461 [INFO] ThirdParty:1030 - CMSIS Pack Vendor :STMicroelectronics LIBJPEG 8.0.0
2024-03-23 16:42:02,461 [INFO] ThirdParty:1030 - CMSIS Pack Vendor :wolfSSL I-CUBE-wolfSSL 5.6.3
2024-03-23 16:42:02,461 [INFO] ThirdParty:1030 - CMSIS Pack Vendor :STMicroelectronics X-CUBE-SMBUS 2.1.0
2024-03-23 16:42:02,461 [INFO] ThirdParty:1030 - CMSIS Pack Vendor :STMicroelectronics USB_DEVICE 3.0.0
2024-03-23 16:42:02,461 [INFO] ThirdParty:1030 - CMSIS Pack Vendor :STMicroelectronics X-CUBE-AZRTOS-WB 2.0.0
2024-03-23 16:42:02,461 [INFO] ThirdParty:1030 - CMSIS Pack Vendor :STMicroelectronics X-CUBE-TOUCHGFX 4.23.0
2024-03-23 16:42:02,461 [INFO] ThirdParty:1030 - CMSIS Pack Vendor :STMicroelectronics X-CUBE-AZRTOS-F7 1.1.0
2024-03-23 16:42:02,461 [INFO] ThirdParty:1030 - CMSIS Pack Vendor :STMicroelectronics X-CUBE-AZRTOS-L5 2.0.0
2024-03-23 16:42:02,462 [INFO] ThirdParty:1030 - CMSIS Pack Vendor :STMicroelectronics USB_DEVICE 2.0.0
2024-03-23 16:42:02,462 [INFO] ThirdParty:1030 - CMSIS Pack Vendor :STMicroelectronics X-CUBE-MEMS1 9.6.0
2024-03-23 16:42:02,462 [INFO] ThirdParty:1030 - CMSIS Pack Vendor :STMicroelectronics X-CUBE-EEPRMA1 4.2.0
2024-03-23 16:42:02,462 [INFO] ThirdParty:1030 - CMSIS Pack Vendor :STMicroelectronics X-CUBE-NFC6 3.1.0
2024-03-23 16:42:02,462 [INFO] ThirdParty:1030 - CMSIS Pack Vendor :ITTIA_DB I-CUBE-ITTIADB 8.8.0
2024-03-23 16:42:02,462 [INFO] ThirdParty:1030 - CMSIS Pack Vendor :STMicroelectronics FP-SNS-MOTENV1 4.3.2
2024-03-23 16:42:02,462 [INFO] ThirdParty:1030 - CMSIS Pack Vendor :STMicroelectronics X-CUBE-ALGOBUILD 1.3.0
2024-03-23 16:42:02,462 [INFO] ThirdParty:1030 - CMSIS Pack Vendor :STMicroelectronics FreeRTOS 0.0.1
2024-03-23 16:42:02,462 [INFO] ThirdParty:1030 - CMSIS Pack Vendor :STMicroelectronics X-CUBE-AZRTOS-G0 1.1.0
2024-03-23 16:42:02,462 [INFO] ThirdParty:1030 - CMSIS Pack Vendor :STMicroelectronics X-CUBE-BLEMGR 2.0.0
2024-03-23 16:42:02,462 [INFO] ThirdParty:1030 - CMSIS Pack Vendor :STMicroelectronics X-CUBE-NFC4 3.0.0
2024-03-23 16:42:02,462 [INFO] ThirdParty:1030 - CMSIS Pack Vendor :STMicroelectronics X-CUBE-SUBG2 5.0.0
2024-03-23 16:42:02,462 [INFO] ThirdParty:1030 - CMSIS Pack Vendor :STMicroelectronics STM32_WPAN 1.0.0
2024-03-23 16:42:02,462 [INFO] ThirdParty:1030 - CMSIS Pack Vendor :STMicroelectronics lwIP 2.0.3
2024-03-23 16:42:02,462 [INFO] ThirdParty:1030 - CMSIS Pack Vendor :STMicroelectronics FP-SNS-FLIGHT1 5.0.2
2024-03-23 16:42:02,462 [INFO] ThirdParty:1030 - CMSIS Pack Vendor :STMicroelectronics USB_HOST 1.0.0
2024-03-23 16:42:02,462 [INFO] ThirdParty:1030 - CMSIS Pack Vendor :STMicroelectronics X-CUBE-TOF1 3.3.1
2024-03-23 16:42:02,462 [INFO] ThirdParty:1030 - CMSIS Pack Vendor :STMicroelectronics X-CUBE-AZRTOS-G4 2.0.0
2024-03-23 16:42:02,462 [INFO] ThirdParty:1030 - CMSIS Pack Vendor :STMicroelectronics PDM2PCM 3.1.0
2024-03-23 16:42:02,462 [INFO] ThirdParty:1030 - CMSIS Pack Vendor :STMicroelectronics X-CUBE-AZRTOS-H7 3.1.0
2024-03-23 16:42:02,462 [INFO] ThirdParty:1030 - CMSIS Pack Vendor :Infineon AIROC-Wi-Fi-Bluetooth-STM32 1.5.1
2024-03-23 16:42:02,462 [INFO] ThirdParty:1030 - CMSIS Pack Vendor :STMicroelectronics X-CUBE-BLEMGR 3.0.0
2024-03-23 16:42:02,462 [INFO] ThirdParty:1030 - CMSIS Pack Vendor :STMicroelectronics PDM2PCM 3.3.0
2024-03-23 16:42:02,462 [INFO] ThirdParty:1030 - CMSIS Pack Vendor :STMicroelectronics X-CUBE-DISPLAY 3.0.0
2024-03-23 16:42:02,463 [INFO] ThirdParty:1030 - CMSIS Pack Vendor :STMicroelectronics FP-SNS-MOTENVWB1 1.3.0
2024-03-23 16:42:02,463 [INFO] ThirdParty:1030 - CMSIS Pack Vendor :STMicroelectronics FP-SNS-MOTENVWB1 1.3.1
2024-03-23 16:42:02,463 [INFO] ThirdParty:1030 - CMSIS Pack Vendor :STMicroelectronics X-CUBE-BLE1 7.0.0
2024-03-23 16:42:02,463 [INFO] ThirdParty:1030 - CMSIS Pack Vendor :STMicroelectronics FP-ATR-SIGFOX1 3.2.0
2024-03-23 16:42:02,463 [INFO] ThirdParty:1030 - CMSIS Pack Vendor :STMicroelectronics X-CUBE-ISPU 2.0.0
2024-03-23 16:42:02,463 [INFO] ThirdParty:1030 - CMSIS Pack Vendor :STMicroelectronics X-CUBE-EEPRMA1 5.1.0
2024-03-23 16:42:02,463 [INFO] ThirdParty:1030 - CMSIS Pack Vendor :STMicroelectronics HAL Drivers 0.0.0
2024-03-23 16:42:02,463 [INFO] ThirdParty:1030 - CMSIS Pack Vendor :STMicroelectronics MBEDTLS 2.16.2
2024-03-23 16:42:02,463 [INFO] ThirdParty:1030 - CMSIS Pack Vendor :emotas I-CUBE-CANOPEN 1.3.0
2024-03-23 16:42:02,463 [INFO] ThirdParty:1030 - CMSIS Pack Vendor :STMicroelectronics X-CUBE-MEMS1 10.0.0
2024-03-23 16:42:02,463 [INFO] ThirdParty:1030 - CMSIS Pack Vendor :STMicroelectronics X-CUBE-FREERTOS 1.1.0
2024-03-23 16:42:02,463 [INFO] ThirdParty:1030 - CMSIS Pack Vendor :STMicroelectronics X-CUBE-TOUCHGFX 4.22.0
2024-03-23 16:42:02,463 [INFO] ThirdParty:1030 - CMSIS Pack Vendor :STMicroelectronics X-CUBE-NFC7 1.0.1
2024-03-23 16:42:02,463 [INFO] ThirdParty:1030 - CMSIS Pack Vendor :STMicroelectronics MBEDTLS 2.14.1
2024-03-23 16:42:02,463 [INFO] ThirdParty:1030 - CMSIS Pack Vendor :STMicroelectronics X-CUBE-TOUCHGFX 4.22.1
2024-03-23 16:42:02,463 [INFO] ThirdParty:1030 - CMSIS Pack Vendor :STMicroelectronics X-CUBE-NFC6 3.0.0
2024-03-23 16:42:02,463 [INFO] ThirdParty:1030 - CMSIS Pack Vendor :STMicroelectronics X-CUBE-EEPRMA1 4.1.0
2024-03-23 16:42:02,463 [INFO] ThirdParty:1030 - CMSIS Pack Vendor :portGmbH I-Cube-SoM-uGOAL 1.1.0
2024-03-23 16:42:02,463 [INFO] ThirdParty:1030 - CMSIS Pack Vendor :STMicroelectronics X-CUBE-ALS 1.0.1
2024-03-23 16:42:02,463 [INFO] ThirdParty:1030 - CMSIS Pack Vendor :STMicroelectronics X-CUBE-BLEMGR 3.1.0
2024-03-23 16:42:02,463 [INFO] ThirdParty:1030 - CMSIS Pack Vendor :STMicroelectronics ThreadX 1.0.0
2024-03-23 16:42:02,463 [INFO] ThirdParty:1030 - CMSIS Pack Vendor :STMicroelectronics FP-SNS-SMARTAG2 1.2.0
2024-03-23 16:42:02,463 [INFO] ThirdParty:1030 - CMSIS Pack Vendor :STMicroelectronics X-CUBE-AZRTOS-WL 2.0.0
2024-03-23 16:42:02,464 [INFO] ThirdParty:1030 - CMSIS Pack Vendor :SEGGER I-CUBE-embOS 1.3.1
2024-03-23 16:42:02,464 [INFO] ThirdParty:1030 - CMSIS Pack Vendor :STMicroelectronics USB_DEVICE 1.0.0
2024-03-23 16:42:02,464 [INFO] ThirdParty:1030 - CMSIS Pack Vendor :STMicroelectronics X-CUBE-AI 8.1.0
2024-03-23 16:42:02,464 [INFO] ThirdParty:1030 - CMSIS Pack Vendor :STMicroelectronics X-CUBE-AZRTOS-L4 2.0.0
2024-03-23 16:42:02,464 [INFO] ThirdParty:1030 - CMSIS Pack Vendor :STMicroelectronics ThreadX 0.0.2
2024-03-23 16:42:02,464 [INFO] ThirdParty:1030 - CMSIS Pack Vendor :WES I-CUBE-Cesium 1.3.0
2024-03-23 16:42:02,464 [INFO] ThirdParty:1030 - CMSIS Pack Vendor :STMicroelectronics FP-ATR-ASTRA1 2.0.0
2024-03-23 16:42:02,464 [INFO] ThirdParty:1030 - CMSIS Pack Vendor :STMicroelectronics lwIP 2.1.2
2024-03-23 16:42:02,464 [INFO] ThirdParty:1030 - CMSIS Pack Vendor :STMicroelectronics X-CUBE-SFXS2LP1 4.0.0
2024-03-23 16:42:02,464 [INFO] ThirdParty:1030 - CMSIS Pack Vendor :STMicroelectronics X-CUBE-BLE2 3.3.0
2024-03-23 16:42:02,464 [INFO] ThirdParty:1030 - CMSIS Pack Vendor :STMicroelectronics X-CUBE-TOF1 3.4.0
2024-03-23 16:42:02,464 [INFO] ThirdParty:1030 - CMSIS Pack Vendor :STMicroelectronics X-CUBE-TOF1 3.4.1
2024-03-23 16:42:02,464 [INFO] ThirdParty:1030 - CMSIS Pack Vendor :STMicroelectronics X-CUBE-AZRTOS-H7 3.2.0
2024-03-23 16:42:02,464 [INFO] ThirdParty:1030 - CMSIS Pack Vendor :STMicroelectronics PDM2PCM 3.2.0
2024-03-23 16:42:02,464 [INFO] ThirdParty:841 - exiting critical section [change project]
2024-03-23 16:42:02,588 [INFO] PinOutPanel:1499 - setPackage(No Configuration,No Configuration)
2024-03-23 16:42:02,588 [INFO] PinOutPanel:1499 - setPackage(STM32L031G6Ux,UFQFPN28)
2024-03-23 16:42:02,825 [INFO] UtilMem:75 - Before build in PCC Used Memory: 248654744 Bytes (566231040)
2024-03-23 16:42:03,132 [INFO] UtilMem:75 - After build in PCC Used Memory: 387066864 Bytes (566231040)
2024-03-23 16:42:03,146 [INFO] IPUIPlugin:80 - create IPUIPlugin
2024-03-23 16:42:03,146 [INFO] IPUIPlugin:80 - create IPUIPlugin
2024-03-23 16:42:03,146 [INFO] IPUIPlugin:80 - create IPUIPlugin
2024-03-23 16:42:03,146 [INFO] IPUIPlugin:80 - create IPUIPlugin
2024-03-23 16:42:03,146 [INFO] IPUIPlugin:80 - create IPUIPlugin
2024-03-23 16:42:03,146 [INFO] IPUIPlugin:80 - create IPUIPlugin
2024-03-23 16:42:03,146 [INFO] IPUIPlugin:80 - create IPUIPlugin
2024-03-23 16:42:03,146 [INFO] IPUIPlugin:80 - create IPUIPlugin
2024-03-23 16:42:03,146 [INFO] IPUIPlugin:80 - create IPUIPlugin
2024-03-23 16:42:03,146 [INFO] IPUIPlugin:80 - create IPUIPlugin
2024-03-23 16:42:03,146 [INFO] IPUIPlugin:80 - create IPUIPlugin
2024-03-23 16:42:03,147 [INFO] IPUIPlugin:80 - create IPUIPlugin
2024-03-23 16:42:03,147 [INFO] IPUIPlugin:80 - create IPUIPlugin
2024-03-23 16:42:03,147 [INFO] IPUIPlugin:80 - create IPUIPlugin
2024-03-23 16:42:03,147 [INFO] IPUIPlugin:80 - create IPUIPlugin
2024-03-23 16:42:03,147 [INFO] IPUIPlugin:80 - create IPUIPlugin
2024-03-23 16:42:03,147 [INFO] IPUIPlugin:80 - create IPUIPlugin
2024-03-23 16:42:03,147 [INFO] IPUIPlugin:80 - create IPUIPlugin
2024-03-23 16:42:03,147 [INFO] IPUIPlugin:80 - create IPUIPlugin
2024-03-23 16:42:03,147 [INFO] IPUIPlugin:80 - create IPUIPlugin
2024-03-23 16:42:03,147 [INFO] IPUIPlugin:80 - create IPUIPlugin
2024-03-23 16:42:03,147 [INFO] IPUIPlugin:80 - create IPUIPlugin
2024-03-23 16:42:03,226 [INFO] CADModel:165 - CPN selected for project levelSTM32L031G6U6
2024-03-23 16:42:03,226 [INFO] CADModel:114 - Register for checkConnection events
2024-03-23 16:42:03,268 [INFO] OpenFileManager:328 - Restore cursor
2024-03-23 16:42:03,490 [INFO] UtilMem:75 - End SaveConfig() Used Memory: 509857280 Bytes (566231040)
2024-03-23 16:42:03,526 [INFO] UtilMem:75 - End SaveConfig() Used Memory: 219551552 Bytes (566231040)
2024-03-23 16:42:03,785 [INFO] BlockDiagram:2759 - set Specific Code input for plugin: NVIC
2024-03-23 16:42:03,786 [INFO] BlockDiagram:2759 - set Specific Code input for plugin: RCC
2024-03-23 16:42:03,786 [INFO] CodeGenerator:799 - code generatio: config db path: /opt/st/stm32cubeide_1.13.1/plugins/com.st.stm32cube.common.mx_6.9.1.202307191849//db/
2024-03-23 16:42:03,923 [INFO] CodeEngine:255 - oldGeneratedFile, /home/vakhaib/Desktop/aplikace/STM32_watch_NFC/Code/Watch/MXTmpFiles/license.tmp_save
2024-03-23 16:42:04,097 [INFO] CodeEngine:279 - Generated code: /home/vakhaib/Desktop/aplikace/STM32_watch_NFC/Code/Watch/MXTmpFiles/license.tmp
2024-03-23 16:42:04,100 [INFO] CodeEngine:255 - oldGeneratedFile, /home/vakhaib/Desktop/aplikace/STM32_watch_NFC/Code/Watch/Core/Src/stm32l0xx_it.c_save
2024-03-23 16:42:04,190 [INFO] CodeEngine:279 - Generated code: /home/vakhaib/Desktop/aplikace/STM32_watch_NFC/Code/Watch/Core/Src/stm32l0xx_it.c
2024-03-23 16:42:04,191 [INFO] CodeEngine:255 - oldGeneratedFile, /home/vakhaib/Desktop/aplikace/STM32_watch_NFC/Code/Watch/Core/Inc/stm32l0xx_it.h_save
2024-03-23 16:42:04,238 [INFO] CodeEngine:279 - Generated code: /home/vakhaib/Desktop/aplikace/STM32_watch_NFC/Code/Watch/Core/Inc/stm32l0xx_it.h
2024-03-23 16:42:04,287 [INFO] CodeEngine:255 - oldGeneratedFile, /home/vakhaib/Desktop/aplikace/STM32_watch_NFC/Code/Watch/Core/Src/stm32l0xx_hal_msp.c_save
2024-03-23 16:42:04,359 [INFO] CodeEngine:279 - Generated code: /home/vakhaib/Desktop/aplikace/STM32_watch_NFC/Code/Watch/Core/Src/stm32l0xx_hal_msp.c
2024-03-23 16:42:04,360 [INFO] CodeEngine:255 - oldGeneratedFile, /home/vakhaib/Desktop/aplikace/STM32_watch_NFC/Code/Watch/MXTmpFiles/system.tmp_save
2024-03-23 16:42:04,401 [INFO] CodeEngine:279 - Generated code: /home/vakhaib/Desktop/aplikace/STM32_watch_NFC/Code/Watch/MXTmpFiles/system.tmp
2024-03-23 16:42:04,403 [INFO] CodeEngine:311 - oldGeneratedFile, /home/vakhaib/Desktop/aplikace/STM32_watch_NFC/Code/Watch/Core/Inc/stm32l0xx_hal_conf.h_save
2024-03-23 16:42:04,446 [INFO] CodeEngine:335 - Generated code: /home/vakhaib/Desktop/aplikace/STM32_watch_NFC/Code/Watch/Core/Inc/stm32l0xx_hal_conf.h
2024-03-23 16:42:04,468 [INFO] CodeEngine:255 - oldGeneratedFile, /home/vakhaib/Desktop/aplikace/STM32_watch_NFC/Code/Watch/Core/Inc/main.h_save
2024-03-23 16:42:04,530 [INFO] CodeEngine:279 - Generated code: /home/vakhaib/Desktop/aplikace/STM32_watch_NFC/Code/Watch/Core/Inc/main.h
2024-03-23 16:42:04,530 [INFO] CodeEngine:255 - oldGeneratedFile, /home/vakhaib/Desktop/aplikace/STM32_watch_NFC/Code/Watch/Core/Src/main.c_save
2024-03-23 16:42:04,614 [INFO] CodeEngine:279 - Generated code: /home/vakhaib/Desktop/aplikace/STM32_watch_NFC/Code/Watch/Core/Src/main.c
2024-03-23 16:42:04,935 [INFO] ProjectBuilder:3064 - Time for Copy HAL[1] : 31mS.
2024-03-23 16:42:04,937 [INFO] ProjectBuilder:4404 - Project Generator version: 4.1.0
2024-03-23 16:42:05,079 [INFO] ConfigFileManager:1457 - The Die is : DIE425
2024-03-23 16:42:05,090 [INFO] ApiDbMcu:507 - Load IP Config File for FATFS
2024-03-23 16:42:05,095 [INFO] ApiDbMcu:507 - Load IP Config File for FREERTOS
2024-03-23 16:42:05,469 [INFO] LogOutputStream:77 - [STDOUT_REDIRECT] 
2024-03-23 16:42:06,874 [INFO] ProjectBuilder:4626 - Time for Generating toolchain IDE Files: 1937mS.
2024-03-23 16:42:06,875 [INFO] ProjectBuilder:2935 - Time for Copy CMSIS : 0mS.
2024-03-23 16:42:06,875 [INFO] ProjectBuilder:2935 - Time for Copy CMSIS : 0mS.
2024-03-23 16:42:07,384 [INFO] McuFinderGlobals:76 - Set McuFinderConnectedMode to true
2024-03-23 16:42:07,386 [INFO] ApiDb:448 - Save user favorites file /home/vakhaib/.stm32cubeide/favorites.mcus.txt: 0 item(s)
2024-03-23 16:42:07,386 [INFO] ApiDb:452 - User favorites MCUs=[]
2024-03-23 16:42:25,039 [ERROR] ConfigurationRetriever:142 - IOException on connection: Read timed out
2024-03-23 16:42:25,782 [INFO] LogOutputStream:77 - [STDOUT_REDIRECT] Unexpected error loading extension: org.eclipse.equinox.p2.metadata.repository.compositeRepository
2024-03-23 16:42:25,783 [ERROR] LogOutputStream:75 - [STDERR_REDIRECT] java.lang.IllegalStateException: bundle org.eclipse.equinox.p2.repositoryis not started
2024-03-23 16:42:25,783 [ERROR] LogOutputStream:75 - [STDERR_REDIRECT] 	at org.eclipse.equinox.internal.p2.repository.Activator.getContext(Activator.java:65)
2024-03-23 16:42:25,783 [ERROR] LogOutputStream:75 - [STDERR_REDIRECT] 	at org.eclipse.equinox.internal.p2.repository.helpers.AbstractRepositoryManager.restoreFromSystemProperty(AbstractRepositoryManager.java:1013)
2024-03-23 16:42:25,784 [ERROR] LogOutputStream:75 - [STDERR_REDIRECT] 	at org.eclipse.equinox.internal.p2.repository.helpers.AbstractRepositoryManager.restoreRepositories(AbstractRepositoryManager.java:1033)
2024-03-23 16:42:25,784 [ERROR] LogOutputStream:75 - [STDERR_REDIRECT] 	at org.eclipse.equinox.internal.p2.repository.helpers.AbstractRepositoryManager.sortSuffixes(AbstractRepositoryManager.java:1112)
2024-03-23 16:42:25,784 [ERROR] LogOutputStream:75 - [STDERR_REDIRECT] 	at org.eclipse.equinox.internal.p2.repository.helpers.AbstractRepositoryManager.loadRepository(AbstractRepositoryManager.java:676)
2024-03-23 16:42:25,784 [ERROR] LogOutputStream:75 - [STDERR_REDIRECT] 	at org.eclipse.equinox.internal.p2.metadata.repository.MetadataRepositoryManager.loadRepository(MetadataRepositoryManager.java:110)
2024-03-23 16:42:25,784 [ERROR] LogOutputStream:75 - [STDERR_REDIRECT] 	at org.eclipse.equinox.internal.p2.metadata.repository.MetadataRepositoryManager.loadRepository(MetadataRepositoryManager.java:105)
2024-03-23 16:42:25,784 [ERROR] LogOutputStream:75 - [STDERR_REDIRECT] 	at org.eclipse.equinox.internal.p2.metadata.repository.CompositeMetadataRepository.addChild(CompositeMetadataRepository.java:171)
2024-03-23 16:42:25,784 [ERROR] LogOutputStream:75 - [STDERR_REDIRECT] 	at org.eclipse.equinox.internal.p2.metadata.repository.CompositeMetadataRepository.<init>(CompositeMetadataRepository.java:113)
2024-03-23 16:42:25,785 [ERROR] LogOutputStream:75 - [STDERR_REDIRECT] 	at org.eclipse.equinox.internal.p2.metadata.repository.CompositeMetadataRepositoryFactory.load(CompositeMetadataRepositoryFactory.java:124)
2024-03-23 16:42:25,785 [ERROR] LogOutputStream:75 - [STDERR_REDIRECT] 	at org.eclipse.equinox.internal.p2.metadata.repository.MetadataRepositoryManager.factoryLoad(MetadataRepositoryManager.java:63)
2024-03-23 16:42:25,785 [ERROR] LogOutputStream:75 - [STDERR_REDIRECT] 	at org.eclipse.equinox.internal.p2.repository.helpers.AbstractRepositoryManager.loadRepository(AbstractRepositoryManager.java:787)
2024-03-23 16:42:25,785 [ERROR] LogOutputStream:75 - [STDERR_REDIRECT] 	at org.eclipse.equinox.internal.p2.repository.helpers.AbstractRepositoryManager.loadRepository(AbstractRepositoryManager.java:685)
2024-03-23 16:42:25,785 [ERROR] LogOutputStream:75 - [STDERR_REDIRECT] 	at org.eclipse.equinox.internal.p2.metadata.repository.MetadataRepositoryManager.loadRepository(MetadataRepositoryManager.java:110)
2024-03-23 16:42:25,785 [ERROR] LogOutputStream:75 - [STDERR_REDIRECT] 	at org.eclipse.equinox.internal.p2.metadata.repository.MetadataRepositoryManager.loadRepository(MetadataRepositoryManager.java:105)
2024-03-23 16:42:25,785 [ERROR] LogOutputStream:75 - [STDERR_REDIRECT] 	at org.eclipse.equinox.internal.p2.metadata.repository.CompositeMetadataRepository.addChild(CompositeMetadataRepository.java:171)
2024-03-23 16:42:25,785 [ERROR] LogOutputStream:75 - [STDERR_REDIRECT] 	at org.eclipse.equinox.internal.p2.metadata.repository.CompositeMetadataRepository.<init>(CompositeMetadataRepository.java:113)
2024-03-23 16:42:25,785 [ERROR] LogOutputStream:75 - [STDERR_REDIRECT] 	at org.eclipse.equinox.internal.p2.metadata.repository.CompositeMetadataRepositoryFactory.load(CompositeMetadataRepositoryFactory.java:124)
2024-03-23 16:42:25,786 [ERROR] LogOutputStream:75 - [STDERR_REDIRECT] 	at org.eclipse.equinox.internal.p2.metadata.repository.MetadataRepositoryManager.factoryLoad(MetadataRepositoryManager.java:63)
2024-03-23 16:42:25,786 [ERROR] LogOutputStream:75 - [STDERR_REDIRECT] 	at org.eclipse.equinox.internal.p2.repository.helpers.AbstractRepositoryManager.loadRepository(AbstractRepositoryManager.java:787)
2024-03-23 16:42:25,786 [ERROR] LogOutputStream:75 - [STDERR_REDIRECT] 	at org.eclipse.equinox.internal.p2.repository.helpers.AbstractRepositoryManager.loadRepository(AbstractRepositoryManager.java:685)
2024-03-23 16:42:25,786 [ERROR] LogOutputStream:75 - [STDERR_REDIRECT] 	at org.eclipse.equinox.internal.p2.metadata.repository.MetadataRepositoryManager.loadRepository(MetadataRepositoryManager.java:110)
2024-03-23 16:42:25,786 [ERROR] LogOutputStream:75 - [STDERR_REDIRECT] 	at org.eclipse.equinox.internal.p2.metadata.repository.MetadataRepositoryManager.loadRepository(MetadataRepositoryManager.java:105)
2024-03-23 16:42:25,786 [ERROR] LogOutputStream:75 - [STDERR_REDIRECT] 	at org.eclipse.equinox.internal.p2.metadata.repository.CompositeMetadataRepository.addChild(CompositeMetadataRepository.java:171)
2024-03-23 16:42:25,786 [ERROR] LogOutputStream:75 - [STDERR_REDIRECT] 	at org.eclipse.equinox.internal.p2.metadata.repository.CompositeMetadataRepository.<init>(CompositeMetadataRepository.java:113)
2024-03-23 16:42:25,786 [ERROR] LogOutputStream:75 - [STDERR_REDIRECT] 	at org.eclipse.equinox.internal.p2.metadata.repository.CompositeMetadataRepositoryFactory.load(CompositeMetadataRepositoryFactory.java:124)
2024-03-23 16:42:25,787 [ERROR] LogOutputStream:75 - [STDERR_REDIRECT] 	at org.eclipse.equinox.internal.p2.metadata.repository.MetadataRepositoryManager.factoryLoad(MetadataRepositoryManager.java:63)
2024-03-23 16:42:25,787 [ERROR] LogOutputStream:75 - [STDERR_REDIRECT] 	at org.eclipse.equinox.internal.p2.repository.helpers.AbstractRepositoryManager.loadRepository(AbstractRepositoryManager.java:787)
2024-03-23 16:42:25,787 [ERROR] LogOutputStream:75 - [STDERR_REDIRECT] 	at org.eclipse.equinox.internal.p2.repository.helpers.AbstractRepositoryManager.loadRepository(AbstractRepositoryManager.java:685)
2024-03-23 16:42:25,787 [ERROR] LogOutputStream:75 - [STDERR_REDIRECT] 	at org.eclipse.equinox.internal.p2.metadata.repository.MetadataRepositoryManager.loadRepository(MetadataRepositoryManager.java:110)
2024-03-23 16:42:25,787 [ERROR] LogOutputStream:75 - [STDERR_REDIRECT] 	at org.eclipse.equinox.internal.p2.metadata.repository.MetadataRepositoryManager.loadRepository(MetadataRepositoryManager.java:105)
2024-03-23 16:42:25,787 [ERROR] LogOutputStream:75 - [STDERR_REDIRECT] 	at org.eclipse.equinox.internal.p2.updatechecker.UpdateChecker.getAvailableRepositories(UpdateChecker.java:152)
2024-03-23 16:42:25,787 [ERROR] LogOutputStream:75 - [STDERR_REDIRECT] 	at org.eclipse.equinox.internal.p2.updatechecker.UpdateChecker.checkForUpdates(UpdateChecker.java:130)
2024-03-23 16:42:25,787 [ERROR] LogOutputStream:75 - [STDERR_REDIRECT] 	at org.eclipse.equinox.internal.p2.updatechecker.UpdateChecker$UpdateCheckThread.run(UpdateChecker.java:78)
2024-03-23 16:42:25,788 [INFO] LogOutputStream:77 - [STDOUT_REDIRECT] Provisioning exception
2024-03-23 16:42:25,788 [ERROR] LogOutputStream:75 - [STDERR_REDIRECT] org.eclipse.equinox.p2.core.ProvisionException: No repository found at https://sw-center.st.com/stm32cubeide/eclipse/2021-12.
2024-03-23 16:42:25,788 [ERROR] LogOutputStream:75 - [STDERR_REDIRECT] 	at org.eclipse.equinox.internal.p2.repository.helpers.AbstractRepositoryManager.fail(AbstractRepositoryManager.java:405)
2024-03-23 16:42:25,788 [ERROR] LogOutputStream:75 - [STDERR_REDIRECT] 	at org.eclipse.equinox.internal.p2.repository.helpers.AbstractRepositoryManager.loadRepository(AbstractRepositoryManager.java:709)
2024-03-23 16:42:25,788 [ERROR] LogOutputStream:75 - [STDERR_REDIRECT] 	at org.eclipse.equinox.internal.p2.metadata.repository.MetadataRepositoryManager.loadRepository(MetadataRepositoryManager.java:110)
2024-03-23 16:42:25,788 [ERROR] LogOutputStream:75 - [STDERR_REDIRECT] 	at org.eclipse.equinox.internal.p2.metadata.repository.MetadataRepositoryManager.loadRepository(MetadataRepositoryManager.java:105)
2024-03-23 16:42:25,788 [ERROR] LogOutputStream:75 - [STDERR_REDIRECT] 	at org.eclipse.equinox.internal.p2.metadata.repository.CompositeMetadataRepository.addChild(CompositeMetadataRepository.java:171)
2024-03-23 16:42:25,789 [ERROR] LogOutputStream:75 - [STDERR_REDIRECT] 	at org.eclipse.equinox.internal.p2.metadata.repository.CompositeMetadataRepository.<init>(CompositeMetadataRepository.java:113)
2024-03-23 16:42:25,789 [ERROR] LogOutputStream:75 - [STDERR_REDIRECT] 	at org.eclipse.equinox.internal.p2.metadata.repository.CompositeMetadataRepositoryFactory.load(CompositeMetadataRepositoryFactory.java:124)
2024-03-23 16:42:25,789 [ERROR] LogOutputStream:75 - [STDERR_REDIRECT] 	at org.eclipse.equinox.internal.p2.metadata.repository.MetadataRepositoryManager.factoryLoad(MetadataRepositoryManager.java:63)
2024-03-23 16:42:25,789 [ERROR] LogOutputStream:75 - [STDERR_REDIRECT] 	at org.eclipse.equinox.internal.p2.repository.helpers.AbstractRepositoryManager.loadRepository(AbstractRepositoryManager.java:787)
2024-03-23 16:42:25,789 [ERROR] LogOutputStream:75 - [STDERR_REDIRECT] 	at org.eclipse.equinox.internal.p2.repository.helpers.AbstractRepositoryManager.loadRepository(AbstractRepositoryManager.java:685)
2024-03-23 16:42:25,789 [ERROR] LogOutputStream:75 - [STDERR_REDIRECT] 	at org.eclipse.equinox.internal.p2.metadata.repository.MetadataRepositoryManager.loadRepository(MetadataRepositoryManager.java:110)
2024-03-23 16:42:25,789 [ERROR] LogOutputStream:75 - [STDERR_REDIRECT] 	at org.eclipse.equinox.internal.p2.metadata.repository.MetadataRepositoryManager.loadRepository(MetadataRepositoryManager.java:105)
2024-03-23 16:42:25,789 [ERROR] LogOutputStream:75 - [STDERR_REDIRECT] 	at org.eclipse.equinox.internal.p2.metadata.repository.CompositeMetadataRepository.addChild(CompositeMetadataRepository.java:171)
2024-03-23 16:42:25,789 [ERROR] LogOutputStream:75 - [STDERR_REDIRECT] 	at org.eclipse.equinox.internal.p2.metadata.repository.CompositeMetadataRepository.<init>(CompositeMetadataRepository.java:113)
2024-03-23 16:42:25,789 [ERROR] LogOutputStream:75 - [STDERR_REDIRECT] 	at org.eclipse.equinox.internal.p2.metadata.repository.CompositeMetadataRepositoryFactory.load(CompositeMetadataRepositoryFactory.java:124)
2024-03-23 16:42:25,789 [ERROR] LogOutputStream:75 - [STDERR_REDIRECT] 	at org.eclipse.equinox.internal.p2.metadata.repository.MetadataRepositoryManager.factoryLoad(MetadataRepositoryManager.java:63)
2024-03-23 16:42:25,790 [ERROR] LogOutputStream:75 - [STDERR_REDIRECT] 	at org.eclipse.equinox.internal.p2.repository.helpers.AbstractRepositoryManager.loadRepository(AbstractRepositoryManager.java:787)
2024-03-23 16:42:25,790 [ERROR] LogOutputStream:75 - [STDERR_REDIRECT] 	at org.eclipse.equinox.internal.p2.repository.helpers.AbstractRepositoryManager.loadRepository(AbstractRepositoryManager.java:685)
2024-03-23 16:42:25,790 [ERROR] LogOutputStream:75 - [STDERR_REDIRECT] 	at org.eclipse.equinox.internal.p2.metadata.repository.MetadataRepositoryManager.loadRepository(MetadataRepositoryManager.java:110)
2024-03-23 16:42:25,790 [ERROR] LogOutputStream:75 - [STDERR_REDIRECT] 	at org.eclipse.equinox.internal.p2.metadata.repository.MetadataRepositoryManager.loadRepository(MetadataRepositoryManager.java:105)
2024-03-23 16:42:25,790 [ERROR] LogOutputStream:75 - [STDERR_REDIRECT] 	at org.eclipse.equinox.internal.p2.updatechecker.UpdateChecker.getAvailableRepositories(UpdateChecker.java:152)
2024-03-23 16:42:25,790 [ERROR] LogOutputStream:75 - [STDERR_REDIRECT] 	at org.eclipse.equinox.internal.p2.updatechecker.UpdateChecker.checkForUpdates(UpdateChecker.java:130)
2024-03-23 16:42:25,790 [ERROR] LogOutputStream:75 - [STDERR_REDIRECT] 	at org.eclipse.equinox.internal.p2.updatechecker.UpdateChecker$UpdateCheckThread.run(UpdateChecker.java:78)
2024-03-23 16:42:25,790 [INFO] LogOutputStream:77 - [STDOUT_REDIRECT] Provisioning exception
2024-03-23 16:42:25,791 [ERROR] LogOutputStream:75 - [STDERR_REDIRECT] org.eclipse.equinox.p2.core.ProvisionException: Unable to read repository at https://sw-center.st.com/stm32cubeide/eclipse.
2024-03-23 16:42:25,791 [ERROR] LogOutputStream:75 - [STDERR_REDIRECT] 	at org.eclipse.equinox.internal.p2.metadata.repository.CompositeMetadataRepository.addChild(CompositeMetadataRepository.java:190)
2024-03-23 16:42:25,791 [ERROR] LogOutputStream:75 - [STDERR_REDIRECT] 	at org.eclipse.equinox.internal.p2.metadata.repository.CompositeMetadataRepository.<init>(CompositeMetadataRepository.java:113)
2024-03-23 16:42:25,791 [ERROR] LogOutputStream:75 - [STDERR_REDIRECT] 	at org.eclipse.equinox.internal.p2.metadata.repository.CompositeMetadataRepositoryFactory.load(CompositeMetadataRepositoryFactory.java:124)
2024-03-23 16:42:25,791 [ERROR] LogOutputStream:75 - [STDERR_REDIRECT] 	at org.eclipse.equinox.internal.p2.metadata.repository.MetadataRepositoryManager.factoryLoad(MetadataRepositoryManager.java:63)
2024-03-23 16:42:25,791 [ERROR] LogOutputStream:75 - [STDERR_REDIRECT] 	at org.eclipse.equinox.internal.p2.repository.helpers.AbstractRepositoryManager.loadRepository(AbstractRepositoryManager.java:787)
2024-03-23 16:42:25,791 [ERROR] LogOutputStream:75 - [STDERR_REDIRECT] 	at org.eclipse.equinox.internal.p2.repository.helpers.AbstractRepositoryManager.loadRepository(AbstractRepositoryManager.java:685)
2024-03-23 16:42:25,791 [ERROR] LogOutputStream:75 - [STDERR_REDIRECT] 	at org.eclipse.equinox.internal.p2.metadata.repository.MetadataRepositoryManager.loadRepository(MetadataRepositoryManager.java:110)
2024-03-23 16:42:25,791 [ERROR] LogOutputStream:75 - [STDERR_REDIRECT] 	at org.eclipse.equinox.internal.p2.metadata.repository.MetadataRepositoryManager.loadRepository(MetadataRepositoryManager.java:105)
2024-03-23 16:42:25,791 [ERROR] LogOutputStream:75 - [STDERR_REDIRECT] 	at org.eclipse.equinox.internal.p2.metadata.repository.CompositeMetadataRepository.addChild(CompositeMetadataRepository.java:171)
2024-03-23 16:42:25,791 [ERROR] LogOutputStream:75 - [STDERR_REDIRECT] 	at org.eclipse.equinox.internal.p2.metadata.repository.CompositeMetadataRepository.<init>(CompositeMetadataRepository.java:113)
2024-03-23 16:42:25,792 [ERROR] LogOutputStream:75 - [STDERR_REDIRECT] 	at org.eclipse.equinox.internal.p2.metadata.repository.CompositeMetadataRepositoryFactory.load(CompositeMetadataRepositoryFactory.java:124)
2024-03-23 16:42:25,792 [ERROR] LogOutputStream:75 - [STDERR_REDIRECT] 	at org.eclipse.equinox.internal.p2.metadata.repository.MetadataRepositoryManager.factoryLoad(MetadataRepositoryManager.java:63)
2024-03-23 16:42:25,792 [ERROR] LogOutputStream:75 - [STDERR_REDIRECT] 	at org.eclipse.equinox.internal.p2.repository.helpers.AbstractRepositoryManager.loadRepository(AbstractRepositoryManager.java:787)
2024-03-23 16:42:25,792 [ERROR] LogOutputStream:75 - [STDERR_REDIRECT] 	at org.eclipse.equinox.internal.p2.repository.helpers.AbstractRepositoryManager.loadRepository(AbstractRepositoryManager.java:685)
2024-03-23 16:42:25,792 [ERROR] LogOutputStream:75 - [STDERR_REDIRECT] 	at org.eclipse.equinox.internal.p2.metadata.repository.MetadataRepositoryManager.loadRepository(MetadataRepositoryManager.java:110)
2024-03-23 16:42:25,792 [ERROR] LogOutputStream:75 - [STDERR_REDIRECT] 	at org.eclipse.equinox.internal.p2.metadata.repository.MetadataRepositoryManager.loadRepository(MetadataRepositoryManager.java:105)
2024-03-23 16:42:25,792 [ERROR] LogOutputStream:75 - [STDERR_REDIRECT] 	at org.eclipse.equinox.internal.p2.updatechecker.UpdateChecker.getAvailableRepositories(UpdateChecker.java:152)
2024-03-23 16:42:25,792 [ERROR] LogOutputStream:75 - [STDERR_REDIRECT] 	at org.eclipse.equinox.internal.p2.updatechecker.UpdateChecker.checkForUpdates(UpdateChecker.java:130)
2024-03-23 16:42:25,792 [ERROR] LogOutputStream:75 - [STDERR_REDIRECT] 	at org.eclipse.equinox.internal.p2.updatechecker.UpdateChecker$UpdateCheckThread.run(UpdateChecker.java:78)
2024-03-23 16:42:25,792 [ERROR] LogOutputStream:75 - [STDERR_REDIRECT] Caused by: org.eclipse.equinox.p2.core.ProvisionException: No repository found at https://sw-center.st.com/stm32cubeide/eclipse/2021-12.
2024-03-23 16:42:25,792 [ERROR] LogOutputStream:75 - [STDERR_REDIRECT] 	at org.eclipse.equinox.internal.p2.repository.helpers.AbstractRepositoryManager.fail(AbstractRepositoryManager.java:405)
2024-03-23 16:42:25,793 [ERROR] LogOutputStream:75 - [STDERR_REDIRECT] 	at org.eclipse.equinox.internal.p2.repository.helpers.AbstractRepositoryManager.loadRepository(AbstractRepositoryManager.java:709)
2024-03-23 16:42:25,793 [ERROR] LogOutputStream:75 - [STDERR_REDIRECT] 	at org.eclipse.equinox.internal.p2.metadata.repository.MetadataRepositoryManager.loadRepository(MetadataRepositoryManager.java:110)
2024-03-23 16:42:25,793 [ERROR] LogOutputStream:75 - [STDERR_REDIRECT] 	at org.eclipse.equinox.internal.p2.metadata.repository.MetadataRepositoryManager.loadRepository(MetadataRepositoryManager.java:105)
2024-03-23 16:42:25,793 [ERROR] LogOutputStream:75 - [STDERR_REDIRECT] 	at org.eclipse.equinox.internal.p2.metadata.repository.CompositeMetadataRepository.addChild(CompositeMetadataRepository.java:171)
2024-03-23 16:42:25,793 [ERROR] LogOutputStream:75 - [STDERR_REDIRECT] 	... 18 more
